[debug] [2025-04-10T01:12:08.934Z] ----------------------------------------------------------------------
[debug] [2025-04-10T01:12:08.941Z] Command:       /opt/homebrew/Cellar/node/23.10.0_1/bin/node /opt/homebrew/bin/firebase functions:delete sendBookingReminders --region us-central1
[debug] [2025-04-10T01:12:08.941Z] CLI Version:   14.1.0
[debug] [2025-04-10T01:12:08.941Z] Platform:      darwin
[debug] [2025-04-10T01:12:08.941Z] Node Version:  v23.10.0
[debug] [2025-04-10T01:12:08.942Z] Time:          Thu Apr 10 2025 11:12:08 GMT+1000 (Australian Eastern Standard Time)
[debug] [2025-04-10T01:12:08.942Z] ----------------------------------------------------------------------
[debug] 
[debug] [2025-04-10T01:12:09.074Z] > command requires scopes: ["email","openid","https://www.googleapis.com/auth/cloudplatformprojects.readonly","https://www.googleapis.com/auth/firebase","https://www.googleapis.com/auth/cloud-platform"]
[debug] [2025-04-10T01:12:09.075Z] > authorizing via signed-in user (jrwishart93@gmail.com)
[debug] [2025-04-10T01:12:09.075Z] [iam] checking project jamessquarebookings for permissions ["cloudfunctions.functions.delete","cloudfunctions.functions.list","firebase.projects.get"]
[debug] [2025-04-10T01:12:09.076Z] Checked if tokens are valid: true, expires at: 1744250235466
[debug] [2025-04-10T01:12:09.076Z] Checked if tokens are valid: true, expires at: 1744250235466
[debug] [2025-04-10T01:12:09.076Z] >>> [apiv2][query] POST https://cloudresourcemanager.googleapis.com/v1/projects/jamessquarebookings:testIamPermissions [none]
[debug] [2025-04-10T01:12:09.076Z] >>> [apiv2][(partial)header] POST https://cloudresourcemanager.googleapis.com/v1/projects/jamessquarebookings:testIamPermissions x-goog-quota-user=projects/jamessquarebookings
[debug] [2025-04-10T01:12:09.076Z] >>> [apiv2][body] POST https://cloudresourcemanager.googleapis.com/v1/projects/jamessquarebookings:testIamPermissions {"permissions":["cloudfunctions.functions.delete","cloudfunctions.functions.list","firebase.projects.get"]}
[debug] [2025-04-10T01:12:10.806Z] <<< [apiv2][status] POST https://cloudresourcemanager.googleapis.com/v1/projects/jamessquarebookings:testIamPermissions 200
[debug] [2025-04-10T01:12:10.807Z] <<< [apiv2][body] POST https://cloudresourcemanager.googleapis.com/v1/projects/jamessquarebookings:testIamPermissions {"permissions":["cloudfunctions.functions.delete","cloudfunctions.functions.list","firebase.projects.get"]}
[debug] [2025-04-10T01:12:10.807Z] Checked if tokens are valid: true, expires at: 1744250235466
[debug] [2025-04-10T01:12:10.808Z] Checked if tokens are valid: true, expires at: 1744250235466
[debug] [2025-04-10T01:12:10.808Z] Checked if tokens are valid: true, expires at: 1744250235466
[debug] [2025-04-10T01:12:10.808Z] Checked if tokens are valid: true, expires at: 1744250235466
[debug] [2025-04-10T01:12:10.808Z] >>> [apiv2][query] GET https://firebase.googleapis.com/v1beta1/projects/jamessquarebookings/adminSdkConfig [none]
[debug] [2025-04-10T01:12:10.810Z] >>> [apiv2][query] GET https://cloudfunctions.googleapis.com/v1/projects/jamessquarebookings/locations/-/functions [none]
[debug] [2025-04-10T01:12:11.868Z] <<< [apiv2][status] GET https://firebase.googleapis.com/v1beta1/projects/jamessquarebookings/adminSdkConfig 200
[debug] [2025-04-10T01:12:11.868Z] <<< [apiv2][body] GET https://firebase.googleapis.com/v1beta1/projects/jamessquarebookings/adminSdkConfig {"projectId":"jamessquarebookings","databaseURL":"https://jamessquarebookings-default-rtdb.europe-west1.firebasedatabase.app","storageBucket":"jamessquarebookings.firebasestorage.app"}
[debug] [2025-04-10T01:12:12.157Z] <<< [apiv2][status] GET https://cloudfunctions.googleapis.com/v1/projects/jamessquarebookings/locations/-/functions 200
[debug] [2025-04-10T01:12:12.157Z] <<< [apiv2][body] GET https://cloudfunctions.googleapis.com/v1/projects/jamessquarebookings/locations/-/functions {}
[debug] [2025-04-10T01:12:12.158Z] Checked if tokens are valid: true, expires at: 1744250235466
[debug] [2025-04-10T01:12:12.158Z] Checked if tokens are valid: true, expires at: 1744250235466
[debug] [2025-04-10T01:12:12.159Z] >>> [apiv2][query] GET https://cloudfunctions.googleapis.com/v2/projects/jamessquarebookings/locations/-/functions filter=environment%3D%22GEN_2%22
[debug] [2025-04-10T01:12:13.813Z] <<< [apiv2][status] GET https://cloudfunctions.googleapis.com/v2/projects/jamessquarebookings/locations/-/functions 200
[debug] [2025-04-10T01:12:13.813Z] <<< [apiv2][body] GET https://cloudfunctions.googleapis.com/v2/projects/jamessquarebookings/locations/-/functions {"functions":[{"name":"projects/jamessquarebookings/locations/europe-west1/functions/sendBookingReminders","buildConfig":{"build":"projects/310610178744/locations/europe-west1/builds/a8f3775b-f107-4c0c-a23c-de034b11192f","runtime":"nodejs20","entryPoint":"sendBookingReminders","source":{"storageSource":{"bucket":"gcf-v2-sources-310610178744-europe-west1","object":"sendBookingReminders/function-source.zip","generation":"1744247133203711"}},"environmentVariables":{"GOOGLE_NODE_RUN_SCRIPTS":""},"dockerRepository":"projects/jamessquarebookings/locations/europe-west1/repositories/gcf-artifacts","serviceAccount":"projects/jamessquarebookings/serviceAccounts/310610178744-compute@developer.gserviceaccount.com","automaticUpdatePolicy":{}},"serviceConfig":{"service":"projects/jamessquarebookings/locations/europe-west1/services/sendbookingreminders","timeoutSeconds":60,"environmentVariables":{"FIREBASE_CONFIG":"{\"projectId\":\"jamessquarebookings\",\"databaseURL\":\"https://jamessquarebookings-default-rtdb.europe-west1.firebasedatabase.app\",\"storageBucket\":\"jamessquarebookings.firebasestorage.app\"}","GCLOUD_PROJECT":"jamessquarebookings","EVENTARC_CLOUD_EVENT_SOURCE":"projects/jamessquarebookings/locations/europe-west1/services/sendBookingReminders","FUNCTION_TARGET":"sendBookingReminders","LOG_EXECUTION_ID":"true"},"maxInstanceCount":100,"ingressSettings":"ALLOW_ALL","serviceAccountEmail":"310610178744-compute@developer.gserviceaccount.com","availableMemory":"256Mi","allTrafficOnLatestRevision":true,"revision":"sendbookingreminders-00006-por","maxInstanceRequestConcurrency":80,"availableCpu":"1"},"state":"ACTIVE","updateTime":"2025-04-10T01:06:38.369583367Z","labels":{"firebase-functions-hash":"1cd9b71bfc980865bcc683c9db42582dbe47e58e","deployment-tool":"cli-firebase","deployment-scheduled":"true"},"environment":"GEN_2","url":"https://europe-west1-jamessquarebookings.cloudfunctions.net/sendBookingReminders","createTime":"2025-04-10T00:28:44.939081992Z","satisfiesPzi":true}]}
[debug] [2025-04-10T01:12:14.189Z] TypeError: Cannot convert undefined or null to object
    at Function.values (<anonymous>)
    at /opt/homebrew/lib/node_modules/firebase-tools/lib/deploy/functions/backend.js:255:37
    at Array.reduce (<anonymous>)
    at allEndpoints (/opt/homebrew/lib/node_modules/firebase-tools/lib/deploy/functions/backend.js:254:45)
    at Object.matchingBackend (/opt/homebrew/lib/node_modules/firebase-tools/lib/deploy/functions/backend.js:278:28)
    at Object.createDeploymentPlan (/opt/homebrew/lib/node_modules/firebase-tools/lib/deploy/functions/release/planner.js:78:27)
    at Command.actionFn (/opt/homebrew/lib/node_modules/firebase-tools/lib/commands/functions-delete.js:44:26)
    at process.processTicksAndRejections (node:internal/process/task_queues:105:5)
[error] 
[error] Error: An unexpected error has occurred.
