[debug] [2025-04-10T00:57:15.651Z] ----------------------------------------------------------------------
[debug] [2025-04-10T00:57:15.654Z] Command:       /opt/homebrew/Cellar/node/23.10.0_1/bin/node /opt/homebrew/bin/firebase deploy --only functions:sendBookingReminders
[debug] [2025-04-10T00:57:15.654Z] CLI Version:   14.1.0
[debug] [2025-04-10T00:57:15.655Z] Platform:      darwin
[debug] [2025-04-10T00:57:15.655Z] Node Version:  v23.10.0
[debug] [2025-04-10T00:57:15.655Z] Time:          Thu Apr 10 2025 10:57:15 GMT+1000 (Australian Eastern Standard Time)
[debug] [2025-04-10T00:57:15.655Z] ----------------------------------------------------------------------
[debug] 
[debug] [2025-04-10T00:57:15.852Z] > command requires scopes: ["email","openid","https://www.googleapis.com/auth/cloudplatformprojects.readonly","https://www.googleapis.com/auth/firebase","https://www.googleapis.com/auth/cloud-platform"]
[debug] [2025-04-10T00:57:15.853Z] > authorizing via signed-in user (jrwishart93@gmail.com)
[debug] [2025-04-10T00:57:15.853Z] [iam] checking project jamessquarebookings for permissions ["cloudfunctions.functions.create","cloudfunctions.functions.delete","cloudfunctions.functions.get","cloudfunctions.functions.list","cloudfunctions.functions.update","cloudfunctions.operations.get","firebase.projects.get"]
[debug] [2025-04-10T00:57:15.854Z] Checked if tokens are valid: false, expires at: 1744247178218
[debug] [2025-04-10T00:57:15.854Z] Checked if tokens are valid: false, expires at: 1744247178218
[debug] [2025-04-10T00:57:15.855Z] > refreshing access token with scopes: []
[debug] [2025-04-10T00:57:15.857Z] >>> [apiv2][query] POST https://www.googleapis.com/oauth2/v3/token [none]
[debug] [2025-04-10T00:57:15.857Z] >>> [apiv2][body] POST https://www.googleapis.com/oauth2/v3/token [omitted]
[debug] [2025-04-10T00:57:16.466Z] <<< [apiv2][status] POST https://www.googleapis.com/oauth2/v3/token 200
[debug] [2025-04-10T00:57:16.466Z] <<< [apiv2][body] POST https://www.googleapis.com/oauth2/v3/token [omitted]
[debug] [2025-04-10T00:57:16.476Z] >>> [apiv2][query] POST https://cloudresourcemanager.googleapis.com/v1/projects/jamessquarebookings:testIamPermissions [none]
[debug] [2025-04-10T00:57:16.476Z] >>> [apiv2][(partial)header] POST https://cloudresourcemanager.googleapis.com/v1/projects/jamessquarebookings:testIamPermissions x-goog-quota-user=projects/jamessquarebookings
[debug] [2025-04-10T00:57:16.476Z] >>> [apiv2][body] POST https://cloudresourcemanager.googleapis.com/v1/projects/jamessquarebookings:testIamPermissions {"permissions":["cloudfunctions.functions.create","cloudfunctions.functions.delete","cloudfunctions.functions.get","cloudfunctions.functions.list","cloudfunctions.functions.update","cloudfunctions.operations.get","firebase.projects.get"]}
[debug] [2025-04-10T00:57:17.129Z] <<< [apiv2][status] POST https://cloudresourcemanager.googleapis.com/v1/projects/jamessquarebookings:testIamPermissions 200
[debug] [2025-04-10T00:57:17.129Z] <<< [apiv2][body] POST https://cloudresourcemanager.googleapis.com/v1/projects/jamessquarebookings:testIamPermissions {"permissions":["cloudfunctions.functions.create","cloudfunctions.functions.delete","cloudfunctions.functions.get","cloudfunctions.functions.list","cloudfunctions.functions.update","cloudfunctions.operations.get","firebase.projects.get"]}
[debug] [2025-04-10T00:57:17.130Z] Checked if tokens are valid: true, expires at: 1744250235466
[debug] [2025-04-10T00:57:17.130Z] Checked if tokens are valid: true, expires at: 1744250235466
[debug] [2025-04-10T00:57:17.130Z] >>> [apiv2][query] POST https://iam.googleapis.com/v1/projects/jamessquarebookings/serviceAccounts/jamessquarebookings@appspot.gserviceaccount.com:testIamPermissions [none]
[debug] [2025-04-10T00:57:17.130Z] >>> [apiv2][body] POST https://iam.googleapis.com/v1/projects/jamessquarebookings/serviceAccounts/jamessquarebookings@appspot.gserviceaccount.com:testIamPermissions {"permissions":["iam.serviceAccounts.actAs"]}
[debug] [2025-04-10T00:57:18.090Z] <<< [apiv2][status] POST https://iam.googleapis.com/v1/projects/jamessquarebookings/serviceAccounts/jamessquarebookings@appspot.gserviceaccount.com:testIamPermissions 200
[debug] [2025-04-10T00:57:18.090Z] <<< [apiv2][body] POST https://iam.googleapis.com/v1/projects/jamessquarebookings/serviceAccounts/jamessquarebookings@appspot.gserviceaccount.com:testIamPermissions {"permissions":["iam.serviceAccounts.actAs"]}
[info] 
[info] === Deploying to 'jamessquarebookings'...
[info] 
[info] i  deploying functions 
[debug] [2025-04-10T00:57:18.094Z] Checked if tokens are valid: true, expires at: 1744250235466
[debug] [2025-04-10T00:57:18.094Z] Checked if tokens are valid: true, expires at: 1744250235466
[debug] [2025-04-10T00:57:18.095Z] >>> [apiv2][query] GET https://cloudresourcemanager.googleapis.com/v1/projects/jamessquarebookings [none]
[debug] [2025-04-10T00:57:18.365Z] <<< [apiv2][status] GET https://cloudresourcemanager.googleapis.com/v1/projects/jamessquarebookings 200
[debug] [2025-04-10T00:57:18.365Z] <<< [apiv2][body] GET https://cloudresourcemanager.googleapis.com/v1/projects/jamessquarebookings {"projectNumber":"310610178744","projectId":"jamessquarebookings","lifecycleState":"ACTIVE","name":"JamesSquareBookings","labels":{"firebase":"enabled","firebase-core":"disabled"},"createTime":"2025-04-02T23:19:17.824610Z"}
[info] i  functions: preparing codebase default for deployment 
[info] i  functions: ensuring required API cloudfunctions.googleapis.com is enabled... 
[debug] [2025-04-10T00:57:18.366Z] Checked if tokens are valid: true, expires at: 1744250235466
[debug] [2025-04-10T00:57:18.367Z] Checked if tokens are valid: true, expires at: 1744250235466
[debug] [2025-04-10T00:57:18.367Z] Checked if tokens are valid: true, expires at: 1744250235466
[debug] [2025-04-10T00:57:18.367Z] Checked if tokens are valid: true, expires at: 1744250235466
[info] i  functions: ensuring required API cloudbuild.googleapis.com is enabled... 
[debug] [2025-04-10T00:57:18.367Z] Checked if tokens are valid: true, expires at: 1744250235466
[debug] [2025-04-10T00:57:18.367Z] Checked if tokens are valid: true, expires at: 1744250235466
[info] i  artifactregistry: ensuring required API artifactregistry.googleapis.com is enabled... 
[debug] [2025-04-10T00:57:18.367Z] Checked if tokens are valid: true, expires at: 1744250235466
[debug] [2025-04-10T00:57:18.367Z] Checked if tokens are valid: true, expires at: 1744250235466
[debug] [2025-04-10T00:57:18.368Z] >>> [apiv2][query] GET https://serviceusage.googleapis.com/v1/projects/jamessquarebookings/services/cloudfunctions.googleapis.com [none]
[debug] [2025-04-10T00:57:18.368Z] >>> [apiv2][(partial)header] GET https://serviceusage.googleapis.com/v1/projects/jamessquarebookings/services/cloudfunctions.googleapis.com x-goog-quota-user=projects/jamessquarebookings
[debug] [2025-04-10T00:57:18.369Z] >>> [apiv2][query] GET https://serviceusage.googleapis.com/v1/projects/jamessquarebookings/services/runtimeconfig.googleapis.com [none]
[debug] [2025-04-10T00:57:18.369Z] >>> [apiv2][(partial)header] GET https://serviceusage.googleapis.com/v1/projects/jamessquarebookings/services/runtimeconfig.googleapis.com x-goog-quota-user=projects/jamessquarebookings
[debug] [2025-04-10T00:57:18.371Z] >>> [apiv2][query] GET https://serviceusage.googleapis.com/v1/projects/jamessquarebookings/services/cloudbuild.googleapis.com [none]
[debug] [2025-04-10T00:57:18.371Z] >>> [apiv2][(partial)header] GET https://serviceusage.googleapis.com/v1/projects/jamessquarebookings/services/cloudbuild.googleapis.com x-goog-quota-user=projects/jamessquarebookings
[debug] [2025-04-10T00:57:18.373Z] >>> [apiv2][query] GET https://serviceusage.googleapis.com/v1/projects/jamessquarebookings/services/artifactregistry.googleapis.com [none]
[debug] [2025-04-10T00:57:18.373Z] >>> [apiv2][(partial)header] GET https://serviceusage.googleapis.com/v1/projects/jamessquarebookings/services/artifactregistry.googleapis.com x-goog-quota-user=projects/jamessquarebookings
[debug] [2025-04-10T00:57:19.170Z] <<< [apiv2][status] GET https://serviceusage.googleapis.com/v1/projects/jamessquarebookings/services/cloudfunctions.googleapis.com 200
[debug] [2025-04-10T00:57:19.170Z] <<< [apiv2][body] GET https://serviceusage.googleapis.com/v1/projects/jamessquarebookings/services/cloudfunctions.googleapis.com [omitted]
[info] ✔  functions: required API cloudfunctions.googleapis.com is enabled 
[debug] [2025-04-10T00:57:19.172Z] <<< [apiv2][status] GET https://serviceusage.googleapis.com/v1/projects/jamessquarebookings/services/artifactregistry.googleapis.com 200
[debug] [2025-04-10T00:57:19.172Z] <<< [apiv2][body] GET https://serviceusage.googleapis.com/v1/projects/jamessquarebookings/services/artifactregistry.googleapis.com [omitted]
[info] ✔  artifactregistry: required API artifactregistry.googleapis.com is enabled 
[debug] [2025-04-10T00:57:20.010Z] <<< [apiv2][status] GET https://serviceusage.googleapis.com/v1/projects/jamessquarebookings/services/runtimeconfig.googleapis.com 200
[debug] [2025-04-10T00:57:20.010Z] <<< [apiv2][body] GET https://serviceusage.googleapis.com/v1/projects/jamessquarebookings/services/runtimeconfig.googleapis.com [omitted]
[debug] [2025-04-10T00:57:20.014Z] <<< [apiv2][status] GET https://serviceusage.googleapis.com/v1/projects/jamessquarebookings/services/cloudbuild.googleapis.com 200
[debug] [2025-04-10T00:57:20.015Z] <<< [apiv2][body] GET https://serviceusage.googleapis.com/v1/projects/jamessquarebookings/services/cloudbuild.googleapis.com [omitted]
[info] ✔  functions: required API cloudbuild.googleapis.com is enabled 
[debug] [2025-04-10T00:57:20.015Z] Checked if tokens are valid: true, expires at: 1744250235466
[debug] [2025-04-10T00:57:20.015Z] Checked if tokens are valid: true, expires at: 1744250235466
[debug] [2025-04-10T00:57:20.015Z] >>> [apiv2][query] GET https://firebase.googleapis.com/v1beta1/projects/jamessquarebookings/adminSdkConfig [none]
[debug] [2025-04-10T00:57:21.089Z] <<< [apiv2][status] GET https://firebase.googleapis.com/v1beta1/projects/jamessquarebookings/adminSdkConfig 200
[debug] [2025-04-10T00:57:21.089Z] <<< [apiv2][body] GET https://firebase.googleapis.com/v1beta1/projects/jamessquarebookings/adminSdkConfig {"projectId":"jamessquarebookings","databaseURL":"https://jamessquarebookings-default-rtdb.europe-west1.firebasedatabase.app","storageBucket":"jamessquarebookings.firebasestorage.app"}
[debug] [2025-04-10T00:57:21.090Z] Checked if tokens are valid: true, expires at: 1744250235466
[debug] [2025-04-10T00:57:21.090Z] Checked if tokens are valid: true, expires at: 1744250235466
[debug] [2025-04-10T00:57:21.090Z] >>> [apiv2][query] GET https://runtimeconfig.googleapis.com/v1beta1/projects/jamessquarebookings/configs [none]
[debug] [2025-04-10T00:57:21.865Z] <<< [apiv2][status] GET https://runtimeconfig.googleapis.com/v1beta1/projects/jamessquarebookings/configs 200
[debug] [2025-04-10T00:57:21.865Z] <<< [apiv2][body] GET https://runtimeconfig.googleapis.com/v1beta1/projects/jamessquarebookings/configs {"configs":[{"name":"projects/jamessquarebookings/configs/resend"}]}
[debug] [2025-04-10T00:57:21.866Z] Checked if tokens are valid: true, expires at: 1744250235466
[debug] [2025-04-10T00:57:21.866Z] Checked if tokens are valid: true, expires at: 1744250235466
[debug] [2025-04-10T00:57:21.866Z] >>> [apiv2][query] GET https://runtimeconfig.googleapis.com/v1beta1/projects/jamessquarebookings/configs/resend/variables [none]
[debug] [2025-04-10T00:57:22.273Z] <<< [apiv2][status] GET https://runtimeconfig.googleapis.com/v1beta1/projects/jamessquarebookings/configs/resend/variables 200
[debug] [2025-04-10T00:57:22.273Z] <<< [apiv2][body] GET https://runtimeconfig.googleapis.com/v1beta1/projects/jamessquarebookings/configs/resend/variables {"variables":[{"name":"projects/jamessquarebookings/configs/resend/variables/api_key","updateTime":"2025-04-09T15:38:56.326430028Z"}]}
[debug] [2025-04-10T00:57:22.273Z] Checked if tokens are valid: true, expires at: 1744250235466
[debug] [2025-04-10T00:57:22.273Z] Checked if tokens are valid: true, expires at: 1744250235466
[debug] [2025-04-10T00:57:22.273Z] >>> [apiv2][query] GET https://runtimeconfig.googleapis.com/v1beta1/projects/jamessquarebookings/configs/resend/variables/api_key [none]
[debug] [2025-04-10T00:57:22.647Z] <<< [apiv2][status] GET https://runtimeconfig.googleapis.com/v1beta1/projects/jamessquarebookings/configs/resend/variables/api_key 200
[debug] [2025-04-10T00:57:22.647Z] <<< [apiv2][body] GET https://runtimeconfig.googleapis.com/v1beta1/projects/jamessquarebookings/configs/resend/variables/api_key {"name":"projects/jamessquarebookings/configs/resend/variables/api_key","updateTime":"2025-04-09T15:38:56.326430028Z","text":"re_jScpRRyK_MWPMeCgcjJB6opm4V4BeU8Ce"}
[debug] [2025-04-10T00:57:22.648Z] Validating nodejs source
[debug] [2025-04-10T00:57:23.384Z] > [functions] package.json contents: {
  "name": "functions",
  "description": "Cloud Functions for Firebase",
  "scripts": {
    "serve": "firebase emulators:start --only functions",
    "shell": "firebase functions:shell",
    "start": "npm run shell",
    "deploy": "firebase deploy --only functions",
    "logs": "firebase functions:log"
  },
  "engines": {
    "node": "20"
  },
  "main": "index.js",
  "dependencies": {
    "firebase-admin": "^13.2.0",
    "firebase-functions": "^6.3.2"
  },
  "devDependencies": {
    "firebase-functions-test": "^3.1.0"
  },
  "private": true
}
[debug] [2025-04-10T00:57:23.385Z] Building nodejs source
[info] i  functions: Loading and analyzing source code for codebase default to determine what to deploy 
[debug] [2025-04-10T00:57:23.385Z] Could not find functions.yaml. Must use http discovery
[debug] [2025-04-10T00:57:23.391Z] Found firebase-functions binary at '/Users/macbookair/Documents/James Square Website Folder/james-square-booking/functions/node_modules/.bin/firebase-functions'
[info] Serving at port 8070

[debug] [2025-04-10T00:57:24.358Z] Got response from /__/functions.yaml {"endpoints":{"sendBookingReminders":{"availableMemoryMb":null,"timeoutSeconds":60,"minInstances":null,"maxInstances":null,"ingressSettings":null,"concurrency":null,"serviceAccountEmail":null,"vpc":null,"platform":"gcfv2","region":["europe-west1"],"labels":{},"scheduleTrigger":{"schedule":"0 7 * * *","retryConfig":{},"timeZone":"Europe/London"},"entryPoint":"sendBookingReminders"}},"specVersion":"v1alpha1","requiredAPIs":[{"api":"cloudscheduler.googleapis.com","reason":"Needed for scheduled functions."}],"extensions":{}}
[info] i  extensions: ensuring required API firebaseextensions.googleapis.com is enabled... 
[debug] [2025-04-10T00:57:28.388Z] Checked if tokens are valid: true, expires at: 1744250235466
[debug] [2025-04-10T00:57:28.388Z] Checked if tokens are valid: true, expires at: 1744250235466
[debug] [2025-04-10T00:57:28.388Z] >>> [apiv2][query] GET https://serviceusage.googleapis.com/v1/projects/jamessquarebookings/services/firebaseextensions.googleapis.com [none]
[debug] [2025-04-10T00:57:28.388Z] >>> [apiv2][(partial)header] GET https://serviceusage.googleapis.com/v1/projects/jamessquarebookings/services/firebaseextensions.googleapis.com x-goog-quota-user=projects/jamessquarebookings
[debug] [2025-04-10T00:57:29.873Z] <<< [apiv2][status] GET https://serviceusage.googleapis.com/v1/projects/jamessquarebookings/services/firebaseextensions.googleapis.com 200
[debug] [2025-04-10T00:57:29.873Z] <<< [apiv2][body] GET https://serviceusage.googleapis.com/v1/projects/jamessquarebookings/services/firebaseextensions.googleapis.com [omitted]
[info] ✔  extensions: required API firebaseextensions.googleapis.com is enabled 
[debug] [2025-04-10T00:57:29.874Z] > command requires scopes: ["email","openid","https://www.googleapis.com/auth/cloudplatformprojects.readonly","https://www.googleapis.com/auth/firebase","https://www.googleapis.com/auth/cloud-platform"]
[debug] [2025-04-10T00:57:29.874Z] > authorizing via signed-in user (jrwishart93@gmail.com)
[debug] [2025-04-10T00:57:29.874Z] [iam] checking project jamessquarebookings for permissions ["firebase.projects.get","firebaseextensions.instances.list"]
[debug] [2025-04-10T00:57:29.874Z] Checked if tokens are valid: true, expires at: 1744250235466
[debug] [2025-04-10T00:57:29.874Z] Checked if tokens are valid: true, expires at: 1744250235466
[debug] [2025-04-10T00:57:29.874Z] >>> [apiv2][query] POST https://cloudresourcemanager.googleapis.com/v1/projects/jamessquarebookings:testIamPermissions [none]
[debug] [2025-04-10T00:57:29.875Z] >>> [apiv2][(partial)header] POST https://cloudresourcemanager.googleapis.com/v1/projects/jamessquarebookings:testIamPermissions x-goog-quota-user=projects/jamessquarebookings
[debug] [2025-04-10T00:57:29.875Z] >>> [apiv2][body] POST https://cloudresourcemanager.googleapis.com/v1/projects/jamessquarebookings:testIamPermissions {"permissions":["firebase.projects.get","firebaseextensions.instances.list"]}
[debug] [2025-04-10T00:57:31.001Z] <<< [apiv2][status] POST https://cloudresourcemanager.googleapis.com/v1/projects/jamessquarebookings:testIamPermissions 200
[debug] [2025-04-10T00:57:31.001Z] <<< [apiv2][body] POST https://cloudresourcemanager.googleapis.com/v1/projects/jamessquarebookings:testIamPermissions {"permissions":["firebase.projects.get","firebaseextensions.instances.list"]}
[debug] [2025-04-10T00:57:31.002Z] Checked if tokens are valid: true, expires at: 1744250235466
[debug] [2025-04-10T00:57:31.002Z] Checked if tokens are valid: true, expires at: 1744250235466
[debug] [2025-04-10T00:57:31.003Z] >>> [apiv2][query] GET https://firebaseextensions.googleapis.com/v1beta/projects/jamessquarebookings/instances pageSize=100&pageToken=
[debug] [2025-04-10T00:57:32.590Z] <<< [apiv2][status] GET https://firebaseextensions.googleapis.com/v1beta/projects/jamessquarebookings/instances 200
[debug] [2025-04-10T00:57:32.590Z] <<< [apiv2][body] GET https://firebaseextensions.googleapis.com/v1beta/projects/jamessquarebookings/instances {}
[info] i  functions: preparing functions directory for uploading... 
[info] i  functions: packaged /Users/macbookair/Documents/James Square Website Folder/james-square-booking/functions (93.12 KB) for uploading 
[debug] [2025-04-10T00:57:32.630Z] Checked if tokens are valid: true, expires at: 1744250235466
[debug] [2025-04-10T00:57:32.630Z] Checked if tokens are valid: true, expires at: 1744250235466
[debug] [2025-04-10T00:57:32.630Z] >>> [apiv2][query] GET https://cloudfunctions.googleapis.com/v1/projects/jamessquarebookings/locations/-/functions [none]
[debug] [2025-04-10T00:57:33.828Z] <<< [apiv2][status] GET https://cloudfunctions.googleapis.com/v1/projects/jamessquarebookings/locations/-/functions 200
[debug] [2025-04-10T00:57:33.828Z] <<< [apiv2][body] GET https://cloudfunctions.googleapis.com/v1/projects/jamessquarebookings/locations/-/functions {}
[debug] [2025-04-10T00:57:33.829Z] Checked if tokens are valid: true, expires at: 1744250235466
[debug] [2025-04-10T00:57:33.829Z] Checked if tokens are valid: true, expires at: 1744250235466
[debug] [2025-04-10T00:57:33.829Z] >>> [apiv2][query] GET https://cloudfunctions.googleapis.com/v2/projects/jamessquarebookings/locations/-/functions filter=environment%3D%22GEN_2%22
[debug] [2025-04-10T00:57:35.487Z] <<< [apiv2][status] GET https://cloudfunctions.googleapis.com/v2/projects/jamessquarebookings/locations/-/functions 200
[debug] [2025-04-10T00:57:35.487Z] <<< [apiv2][body] GET https://cloudfunctions.googleapis.com/v2/projects/jamessquarebookings/locations/-/functions {"functions":[{"name":"projects/jamessquarebookings/locations/europe-west1/functions/sendBookingReminders","buildConfig":{"build":"projects/310610178744/locations/europe-west1/builds/3226dbe7-0d50-4828-a16c-f21fbb82efe8","runtime":"nodejs20","entryPoint":"sendBookingReminders","source":{"storageSource":{"bucket":"gcf-v2-sources-310610178744-europe-west1","object":"sendBookingReminders/function-source.zip","generation":"1744246105063297"}},"environmentVariables":{"GOOGLE_NODE_RUN_SCRIPTS":""},"dockerRepository":"projects/jamessquarebookings/locations/europe-west1/repositories/gcf-artifacts","serviceAccount":"projects/jamessquarebookings/serviceAccounts/310610178744-compute@developer.gserviceaccount.com","automaticUpdatePolicy":{}},"serviceConfig":{"service":"projects/jamessquarebookings/locations/europe-west1/services/sendbookingreminders","timeoutSeconds":60,"environmentVariables":{"FIREBASE_CONFIG":"{\"projectId\":\"jamessquarebookings\",\"databaseURL\":\"https://jamessquarebookings-default-rtdb.europe-west1.firebasedatabase.app\",\"storageBucket\":\"jamessquarebookings.firebasestorage.app\"}","GCLOUD_PROJECT":"jamessquarebookings","EVENTARC_CLOUD_EVENT_SOURCE":"projects/jamessquarebookings/locations/europe-west1/services/sendBookingReminders","FUNCTION_TARGET":"sendBookingReminders","LOG_EXECUTION_ID":"true"},"maxInstanceCount":100,"ingressSettings":"ALLOW_ALL","serviceAccountEmail":"310610178744-compute@developer.gserviceaccount.com","availableMemory":"256Mi","allTrafficOnLatestRevision":true,"revision":"sendbookingreminders-00004-feh","maxInstanceRequestConcurrency":80,"availableCpu":"1"},"state":"ACTIVE","updateTime":"2025-04-10T00:49:10.071279534Z","labels":{"deployment-tool":"cli-firebase","deployment-scheduled":"true","firebase-functions-hash":"0886662f30dc038e05fc5b426812728f22aca47f"},"environment":"GEN_2","url":"https://europe-west1-jamessquarebookings.cloudfunctions.net/sendBookingReminders","createTime":"2025-04-10T00:28:44.939081992Z","satisfiesPzi":true}]}
[info] i  functions: ensuring required API cloudscheduler.googleapis.com is enabled... 
[debug] [2025-04-10T00:57:35.491Z] Checked if tokens are valid: true, expires at: 1744250235466
[debug] [2025-04-10T00:57:35.491Z] Checked if tokens are valid: true, expires at: 1744250235466
[debug] [2025-04-10T00:57:35.491Z] >>> [apiv2][query] GET https://serviceusage.googleapis.com/v1/projects/jamessquarebookings/services/cloudscheduler.googleapis.com [none]
[debug] [2025-04-10T00:57:35.491Z] >>> [apiv2][(partial)header] GET https://serviceusage.googleapis.com/v1/projects/jamessquarebookings/services/cloudscheduler.googleapis.com x-goog-quota-user=projects/jamessquarebookings
[debug] [2025-04-10T00:57:36.944Z] <<< [apiv2][status] GET https://serviceusage.googleapis.com/v1/projects/jamessquarebookings/services/cloudscheduler.googleapis.com 200
[debug] [2025-04-10T00:57:36.944Z] <<< [apiv2][body] GET https://serviceusage.googleapis.com/v1/projects/jamessquarebookings/services/cloudscheduler.googleapis.com [omitted]
[info] ✔  functions: required API cloudscheduler.googleapis.com is enabled 
[info] i  functions: ensuring required API run.googleapis.com is enabled... 
[debug] [2025-04-10T00:57:36.945Z] Checked if tokens are valid: true, expires at: 1744250235466
[debug] [2025-04-10T00:57:36.945Z] Checked if tokens are valid: true, expires at: 1744250235466
[info] i  functions: ensuring required API eventarc.googleapis.com is enabled... 
[debug] [2025-04-10T00:57:36.945Z] Checked if tokens are valid: true, expires at: 1744250235466
[debug] [2025-04-10T00:57:36.946Z] Checked if tokens are valid: true, expires at: 1744250235466
[info] i  functions: ensuring required API pubsub.googleapis.com is enabled... 
[debug] [2025-04-10T00:57:36.946Z] Checked if tokens are valid: true, expires at: 1744250235466
[debug] [2025-04-10T00:57:36.946Z] Checked if tokens are valid: true, expires at: 1744250235466
[info] i  functions: ensuring required API storage.googleapis.com is enabled... 
[debug] [2025-04-10T00:57:36.946Z] Checked if tokens are valid: true, expires at: 1744250235466
[debug] [2025-04-10T00:57:36.946Z] Checked if tokens are valid: true, expires at: 1744250235466
[debug] [2025-04-10T00:57:36.946Z] >>> [apiv2][query] GET https://serviceusage.googleapis.com/v1/projects/jamessquarebookings/services/run.googleapis.com [none]
[debug] [2025-04-10T00:57:36.946Z] >>> [apiv2][(partial)header] GET https://serviceusage.googleapis.com/v1/projects/jamessquarebookings/services/run.googleapis.com x-goog-quota-user=projects/jamessquarebookings
[debug] [2025-04-10T00:57:36.947Z] >>> [apiv2][query] GET https://serviceusage.googleapis.com/v1/projects/jamessquarebookings/services/eventarc.googleapis.com [none]
[debug] [2025-04-10T00:57:36.947Z] >>> [apiv2][(partial)header] GET https://serviceusage.googleapis.com/v1/projects/jamessquarebookings/services/eventarc.googleapis.com x-goog-quota-user=projects/jamessquarebookings
[debug] [2025-04-10T00:57:36.950Z] >>> [apiv2][query] GET https://serviceusage.googleapis.com/v1/projects/jamessquarebookings/services/pubsub.googleapis.com [none]
[debug] [2025-04-10T00:57:36.950Z] >>> [apiv2][(partial)header] GET https://serviceusage.googleapis.com/v1/projects/jamessquarebookings/services/pubsub.googleapis.com x-goog-quota-user=projects/jamessquarebookings
[debug] [2025-04-10T00:57:36.951Z] >>> [apiv2][query] GET https://serviceusage.googleapis.com/v1/projects/jamessquarebookings/services/storage.googleapis.com [none]
[debug] [2025-04-10T00:57:36.951Z] >>> [apiv2][(partial)header] GET https://serviceusage.googleapis.com/v1/projects/jamessquarebookings/services/storage.googleapis.com x-goog-quota-user=projects/jamessquarebookings
[debug] [2025-04-10T00:57:37.313Z] <<< [apiv2][status] GET https://serviceusage.googleapis.com/v1/projects/jamessquarebookings/services/run.googleapis.com 200
[debug] [2025-04-10T00:57:37.313Z] <<< [apiv2][body] GET https://serviceusage.googleapis.com/v1/projects/jamessquarebookings/services/run.googleapis.com [omitted]
[info] ✔  functions: required API run.googleapis.com is enabled 
[debug] [2025-04-10T00:57:37.553Z] <<< [apiv2][status] GET https://serviceusage.googleapis.com/v1/projects/jamessquarebookings/services/eventarc.googleapis.com 200
[debug] [2025-04-10T00:57:37.554Z] <<< [apiv2][body] GET https://serviceusage.googleapis.com/v1/projects/jamessquarebookings/services/eventarc.googleapis.com [omitted]
[info] ✔  functions: required API eventarc.googleapis.com is enabled 
[debug] [2025-04-10T00:57:38.476Z] <<< [apiv2][status] GET https://serviceusage.googleapis.com/v1/projects/jamessquarebookings/services/pubsub.googleapis.com 200
[debug] [2025-04-10T00:57:38.476Z] <<< [apiv2][body] GET https://serviceusage.googleapis.com/v1/projects/jamessquarebookings/services/pubsub.googleapis.com [omitted]
[info] ✔  functions: required API pubsub.googleapis.com is enabled 
[debug] [2025-04-10T00:57:38.479Z] <<< [apiv2][status] GET https://serviceusage.googleapis.com/v1/projects/jamessquarebookings/services/storage.googleapis.com 200
[debug] [2025-04-10T00:57:38.479Z] <<< [apiv2][body] GET https://serviceusage.googleapis.com/v1/projects/jamessquarebookings/services/storage.googleapis.com [omitted]
[info] ✔  functions: required API storage.googleapis.com is enabled 
[info] i  functions: generating the service identity for pubsub.googleapis.com... 
[debug] [2025-04-10T00:57:38.480Z] Checked if tokens are valid: true, expires at: 1744250235466
[debug] [2025-04-10T00:57:38.481Z] Checked if tokens are valid: true, expires at: 1744250235466
[info] i  functions: generating the service identity for eventarc.googleapis.com... 
[debug] [2025-04-10T00:57:38.481Z] Checked if tokens are valid: true, expires at: 1744250235466
[debug] [2025-04-10T00:57:38.481Z] Checked if tokens are valid: true, expires at: 1744250235466
[debug] [2025-04-10T00:57:38.481Z] >>> [apiv2][query] POST https://serviceusage.googleapis.com/v1beta1/projects/310610178744/services/pubsub.googleapis.com:generateServiceIdentity [none]
[debug] [2025-04-10T00:57:38.482Z] >>> [apiv2][query] POST https://serviceusage.googleapis.com/v1beta1/projects/310610178744/services/eventarc.googleapis.com:generateServiceIdentity [none]
[debug] [2025-04-10T00:57:38.848Z] <<< [apiv2][status] POST https://serviceusage.googleapis.com/v1beta1/projects/310610178744/services/eventarc.googleapis.com:generateServiceIdentity 200
[debug] [2025-04-10T00:57:38.848Z] <<< [apiv2][body] POST https://serviceusage.googleapis.com/v1beta1/projects/310610178744/services/eventarc.googleapis.com:generateServiceIdentity {"name":"operations/finished.DONE_OPERATION","done":true,"response":{"@type":"type.googleapis.com/google.api.serviceusage.v1beta1.ServiceIdentity","email":"service-310610178744@gcp-sa-eventarc.iam.gserviceaccount.com","uniqueId":"111420325653517524147"}}
[debug] [2025-04-10T00:57:38.908Z] <<< [apiv2][status] POST https://serviceusage.googleapis.com/v1beta1/projects/310610178744/services/pubsub.googleapis.com:generateServiceIdentity 200
[debug] [2025-04-10T00:57:38.909Z] <<< [apiv2][body] POST https://serviceusage.googleapis.com/v1beta1/projects/310610178744/services/pubsub.googleapis.com:generateServiceIdentity {"name":"operations/finished.DONE_OPERATION","done":true,"response":{"@type":"type.googleapis.com/google.api.serviceusage.v1beta1.ServiceIdentity","email":"service-310610178744@gcp-sa-pubsub.iam.gserviceaccount.com","uniqueId":"104019192513188928983"}}
[debug] [2025-04-10T00:57:38.911Z] Checked if tokens are valid: true, expires at: 1744250235466
[debug] [2025-04-10T00:57:38.911Z] Checked if tokens are valid: true, expires at: 1744250235466
[debug] [2025-04-10T00:57:38.911Z] >>> [apiv2][query] GET https://cloudresourcemanager.googleapis.com/v1/projects/jamessquarebookings [none]
[debug] [2025-04-10T00:57:39.497Z] <<< [apiv2][status] GET https://cloudresourcemanager.googleapis.com/v1/projects/jamessquarebookings 200
[debug] [2025-04-10T00:57:39.498Z] <<< [apiv2][body] GET https://cloudresourcemanager.googleapis.com/v1/projects/jamessquarebookings {"projectNumber":"310610178744","projectId":"jamessquarebookings","lifecycleState":"ACTIVE","name":"JamesSquareBookings","labels":{"firebase":"enabled","firebase-core":"disabled"},"createTime":"2025-04-02T23:19:17.824610Z"}
[debug] [2025-04-10T00:57:39.499Z] Checked if tokens are valid: true, expires at: 1744250235466
[debug] [2025-04-10T00:57:39.500Z] Checked if tokens are valid: true, expires at: 1744250235466
[debug] [2025-04-10T00:57:39.500Z] >>> [apiv2][query] GET https://cloudbilling.googleapis.com/v1/projects/jamessquarebookings/billingInfo [none]
[debug] [2025-04-10T00:57:41.349Z] <<< [apiv2][status] GET https://cloudbilling.googleapis.com/v1/projects/jamessquarebookings/billingInfo 200
[debug] [2025-04-10T00:57:41.349Z] <<< [apiv2][body] GET https://cloudbilling.googleapis.com/v1/projects/jamessquarebookings/billingInfo {"name":"projects/jamessquarebookings/billingInfo","projectId":"jamessquarebookings","billingAccountName":"billingAccounts/012001-FEC581-4622EF","billingEnabled":true}
[debug] [2025-04-10T00:57:41.351Z] Checked if tokens are valid: true, expires at: 1744250235466
[debug] [2025-04-10T00:57:41.351Z] Checked if tokens are valid: true, expires at: 1744250235466
[debug] [2025-04-10T00:57:41.351Z] >>> [apiv2][query] POST https://cloudfunctions.googleapis.com/v2/projects/jamessquarebookings/locations/europe-west1/functions:generateUploadUrl [none]
[debug] [2025-04-10T00:57:43.125Z] <<< [apiv2][status] POST https://cloudfunctions.googleapis.com/v2/projects/jamessquarebookings/locations/europe-west1/functions:generateUploadUrl 200
[debug] [2025-04-10T00:57:43.125Z] <<< [apiv2][body] POST https://cloudfunctions.googleapis.com/v2/projects/jamessquarebookings/locations/europe-west1/functions:generateUploadUrl {"uploadUrl":"https://storage.googleapis.com/gcf-v2-uploads-310610178744.europe-west1.cloudfunctions.appspot.com/3e52e3b7-6f92-461a-a969-e22529f9d326.zip?GoogleAccessId=service-310610178744@gcf-admin-robot.iam.gserviceaccount.com&Expires=1744248463&Signature=aDnhChbC7MHdjgEKQMT1epjHTSASdtYnfpx4Oy%2BRAc3ZCtROLrftSNowzE6xSqJVO3Vi0XS5OfQeh6176J9OiCxUEOsTE3uc8zo2%2BiPE3WHYPrS3Sno%2F3HxDD9x9ThXbzydljBvHj67GHzonTCinm9lGfEw2pm5oIRSt2JoOQXI%2BiMYz6YQvcUu7rAweVvmX3MEDfrNwxErfUpz7GjjyGsoEcjMd2dmYiPNdJKM114jmGp%2FZrRpyaA2XysKcVd1DKLri9Pohp5whWAFpV65B2j6Zr%2FbuWKGHQ5hZdLSKGQRwDE2OwVbfJh%2FtZ4nJODgvqfzmpAE8bJL%2F%2BcEhramJVQ%3D%3D","storageSource":{"bucket":"gcf-v2-uploads-310610178744.europe-west1.cloudfunctions.appspot.com","object":"3e52e3b7-6f92-461a-a969-e22529f9d326.zip"}}
[debug] [2025-04-10T00:57:43.127Z] >>> [apiv2][query] PUT https://storage.googleapis.com/gcf-v2-uploads-310610178744.europe-west1.cloudfunctions.appspot.com/3e52e3b7-6f92-461a-a969-e22529f9d326.zip GoogleAccessId=service-310610178744%40gcf-admin-robot.iam.gserviceaccount.com&Expires=1744248463&Signature=aDnhChbC7MHdjgEKQMT1epjHTSASdtYnfpx4Oy%2BRAc3ZCtROLrftSNowzE6xSqJVO3Vi0XS5OfQeh6176J9OiCxUEOsTE3uc8zo2%2BiPE3WHYPrS3Sno%2F3HxDD9x9ThXbzydljBvHj67GHzonTCinm9lGfEw2pm5oIRSt2JoOQXI%2BiMYz6YQvcUu7rAweVvmX3MEDfrNwxErfUpz7GjjyGsoEcjMd2dmYiPNdJKM114jmGp%2FZrRpyaA2XysKcVd1DKLri9Pohp5whWAFpV65B2j6Zr%2FbuWKGHQ5hZdLSKGQRwDE2OwVbfJh%2FtZ4nJODgvqfzmpAE8bJL%2F%2BcEhramJVQ%3D%3D
[debug] [2025-04-10T00:57:43.127Z] >>> [apiv2][body] PUT https://storage.googleapis.com/gcf-v2-uploads-310610178744.europe-west1.cloudfunctions.appspot.com/3e52e3b7-6f92-461a-a969-e22529f9d326.zip [stream]
[debug] [2025-04-10T00:57:46.055Z] <<< [apiv2][status] PUT https://storage.googleapis.com/gcf-v2-uploads-310610178744.europe-west1.cloudfunctions.appspot.com/3e52e3b7-6f92-461a-a969-e22529f9d326.zip 200
[debug] [2025-04-10T00:57:46.055Z] <<< [apiv2][body] PUT https://storage.googleapis.com/gcf-v2-uploads-310610178744.europe-west1.cloudfunctions.appspot.com/3e52e3b7-6f92-461a-a969-e22529f9d326.zip [omitted]
[info] ✔  functions: functions folder uploaded successfully 
[info] i  functions: updating Node.js 20 (2nd Gen) function sendBookingReminders(europe-west1)... 
[debug] [2025-04-10T00:57:46.061Z] Checked if tokens are valid: true, expires at: 1744250235466
[debug] [2025-04-10T00:57:46.062Z] Checked if tokens are valid: true, expires at: 1744250235466
[debug] [2025-04-10T00:57:46.062Z] >>> [apiv2][query] PATCH https://cloudfunctions.googleapis.com/v2/projects/jamessquarebookings/locations/europe-west1/functions/sendBookingReminders updateMask=name%2CbuildConfig.runtime%2CbuildConfig.entryPoint%2CbuildConfig.source.storageSource.bucket%2CbuildConfig.source.storageSource.object%2CbuildConfig.environmentVariables%2CbuildConfig.sourceToken%2CserviceConfig.environmentVariables%2CserviceConfig.ingressSettings%2CserviceConfig.timeoutSeconds%2CserviceConfig.serviceAccountEmail%2CserviceConfig.availableMemory%2CserviceConfig.minInstanceCount%2CserviceConfig.maxInstanceCount%2CserviceConfig.maxInstanceRequestConcurrency%2CserviceConfig.availableCpu%2CserviceConfig.vpcConnector%2CserviceConfig.vpcConnectorEgressSettings%2Clabels%2CbuildConfig.buildEnvironmentVariables
[debug] [2025-04-10T00:57:46.062Z] >>> [apiv2][body] PATCH https://cloudfunctions.googleapis.com/v2/projects/jamessquarebookings/locations/europe-west1/functions/sendBookingReminders {"name":"projects/jamessquarebookings/locations/europe-west1/functions/sendBookingReminders","buildConfig":{"runtime":"nodejs20","entryPoint":"sendBookingReminders","source":{"storageSource":{"bucket":"gcf-v2-uploads-310610178744.europe-west1.cloudfunctions.appspot.com","object":"3e52e3b7-6f92-461a-a969-e22529f9d326.zip"}},"environmentVariables":{"GOOGLE_NODE_RUN_SCRIPTS":""}},"serviceConfig":{"environmentVariables":{"FIREBASE_CONFIG":"{\"projectId\":\"jamessquarebookings\",\"databaseURL\":\"https://jamessquarebookings-default-rtdb.europe-west1.firebasedatabase.app\",\"storageBucket\":\"jamessquarebookings.firebasestorage.app\"}","GCLOUD_PROJECT":"jamessquarebookings","EVENTARC_CLOUD_EVENT_SOURCE":"projects/jamessquarebookings/locations/europe-west1/services/sendBookingReminders","FUNCTION_TARGET":"sendBookingReminders","LOG_EXECUTION_ID":"true"},"ingressSettings":null,"timeoutSeconds":60,"serviceAccountEmail":null,"availableMemory":"256Mi","minInstanceCount":null,"maxInstanceCount":null,"maxInstanceRequestConcurrency":80,"availableCpu":"1","vpcConnector":null,"vpcConnectorEgressSettings":null},"labels":{"deployment-tool":"cli-firebase","deployment-scheduled":"true","firebase-functions-hash":"ce35afa0b60a18d1e6cb4b72f189eb51e915f779"}}
[debug] [2025-04-10T00:57:48.510Z] <<< [apiv2][status] PATCH https://cloudfunctions.googleapis.com/v2/projects/jamessquarebookings/locations/europe-west1/functions/sendBookingReminders 200
[debug] [2025-04-10T00:57:48.510Z] <<< [apiv2][body] PATCH https://cloudfunctions.googleapis.com/v2/projects/jamessquarebookings/locations/europe-west1/functions/sendBookingReminders {"name":"projects/jamessquarebookings/locations/europe-west1/operations/operation-1744246667663-632621306d9f0-7418fae8-a8681759","metadata":{"@type":"type.googleapis.com/google.cloud.functions.v2.OperationMetadata","createTime":"2025-04-10T00:57:48.445398270Z","target":"projects/jamessquarebookings/locations/europe-west1/functions/sendBookingReminders","verb":"update","cancelRequested":false,"apiVersion":"v2"},"done":false}
[debug] [2025-04-10T00:57:48.511Z] Checked if tokens are valid: true, expires at: 1744250235466
[debug] [2025-04-10T00:57:48.511Z] Checked if tokens are valid: true, expires at: 1744250235466
[debug] [2025-04-10T00:57:48.511Z] >>> [apiv2][query] GET https://cloudfunctions.googleapis.com/v2/projects/jamessquarebookings/locations/europe-west1/operations/operation-1744246667663-632621306d9f0-7418fae8-a8681759 [none]
[debug] [2025-04-10T00:57:50.053Z] <<< [apiv2][status] GET https://cloudfunctions.googleapis.com/v2/projects/jamessquarebookings/locations/europe-west1/operations/operation-1744246667663-632621306d9f0-7418fae8-a8681759 200
[debug] [2025-04-10T00:57:50.053Z] <<< [apiv2][body] GET https://cloudfunctions.googleapis.com/v2/projects/jamessquarebookings/locations/europe-west1/operations/operation-1744246667663-632621306d9f0-7418fae8-a8681759 {"name":"projects/jamessquarebookings/locations/europe-west1/operations/operation-1744246667663-632621306d9f0-7418fae8-a8681759","metadata":{"@type":"type.googleapis.com/google.cloud.functions.v2.OperationMetadata","createTime":"2025-04-10T00:57:48.445398270Z","target":"projects/jamessquarebookings/locations/europe-west1/functions/sendBookingReminders","verb":"update","cancelRequested":false,"apiVersion":"v2","requestResource":{"@type":"type.googleapis.com/google.cloud.functions.v2.Function","name":"projects/jamessquarebookings/locations/europe-west1/functions/sendBookingReminders","buildConfig":{"runtime":"nodejs20","entryPoint":"sendBookingReminders","source":{"storageSource":{"bucket":"gcf-v2-sources-310610178744-europe-west1","object":"sendBookingReminders/function-source.zip","generation":"1744246668407326"}},"environmentVariables":{"GOOGLE_NODE_RUN_SCRIPTS":""},"dockerRepository":"projects/jamessquarebookings/locations/europe-west1/repositories/gcf-artifacts","serviceAccount":"projects/jamessquarebookings/serviceAccounts/310610178744-compute@developer.gserviceaccount.com","automaticUpdatePolicy":{}},"serviceConfig":{"service":"projects/jamessquarebookings/locations/europe-west1/services/sendbookingreminders","timeoutSeconds":60,"environmentVariables":{"FIREBASE_CONFIG":"{\"projectId\":\"jamessquarebookings\",\"databaseURL\":\"https://jamessquarebookings-default-rtdb.europe-west1.firebasedatabase.app\",\"storageBucket\":\"jamessquarebookings.firebasestorage.app\"}","GCLOUD_PROJECT":"jamessquarebookings","EVENTARC_CLOUD_EVENT_SOURCE":"projects/jamessquarebookings/locations/europe-west1/services/sendBookingReminders","FUNCTION_TARGET":"sendBookingReminders","LOG_EXECUTION_ID":"true"},"ingressSettings":"ALLOW_ALL","serviceAccountEmail":"310610178744-compute@developer.gserviceaccount.com","availableMemory":"256Mi","allTrafficOnLatestRevision":true,"revision":"sendbookingreminders-00004-feh","maxInstanceRequestConcurrency":80,"availableCpu":"1"},"state":"ACTIVE","labels":{"deployment-tool":"cloudfunctions","deployment-scheduled":"true","firebase-functions-hash":"ce35afa0b60a18d1e6cb4b72f189eb51e915f779"},"environment":"GEN_2","url":"https://europe-west1-jamessquarebookings.cloudfunctions.net/sendBookingReminders","satisfiesPzi":true},"stages":[{"name":"BUILD","message":"Build in progress","state":"IN_PROGRESS","resource":"projects/310610178744/locations/europe-west1/builds/33615c7e-0fbf-45d1-b7ee-33dcdae9a46a","resourceUri":"https://console.cloud.google.com/cloud-build/builds;region=europe-west1/33615c7e-0fbf-45d1-b7ee-33dcdae9a46a?project=310610178744"},{"name":"SERVICE","state":"NOT_STARTED"}],"operationType":"UPDATE_FUNCTION","buildName":"projects/310610178744/locations/europe-west1/builds/33615c7e-0fbf-45d1-b7ee-33dcdae9a46a"},"done":false}
[debug] [2025-04-10T00:57:50.554Z] [update-default-europe-west1-sendBookingReminders] Retrying task index 0
[debug] [2025-04-10T00:57:50.555Z] Checked if tokens are valid: true, expires at: 1744250235466
[debug] [2025-04-10T00:57:50.555Z] Checked if tokens are valid: true, expires at: 1744250235466
[debug] [2025-04-10T00:57:50.555Z] >>> [apiv2][query] GET https://cloudfunctions.googleapis.com/v2/projects/jamessquarebookings/locations/europe-west1/operations/operation-1744246667663-632621306d9f0-7418fae8-a8681759 [none]
[debug] [2025-04-10T00:57:52.084Z] <<< [apiv2][status] GET https://cloudfunctions.googleapis.com/v2/projects/jamessquarebookings/locations/europe-west1/operations/operation-1744246667663-632621306d9f0-7418fae8-a8681759 200
[debug] [2025-04-10T00:57:52.084Z] <<< [apiv2][body] GET https://cloudfunctions.googleapis.com/v2/projects/jamessquarebookings/locations/europe-west1/operations/operation-1744246667663-632621306d9f0-7418fae8-a8681759 {"name":"projects/jamessquarebookings/locations/europe-west1/operations/operation-1744246667663-632621306d9f0-7418fae8-a8681759","metadata":{"@type":"type.googleapis.com/google.cloud.functions.v2.OperationMetadata","createTime":"2025-04-10T00:57:48.445398270Z","target":"projects/jamessquarebookings/locations/europe-west1/functions/sendBookingReminders","verb":"update","cancelRequested":false,"apiVersion":"v2","requestResource":{"@type":"type.googleapis.com/google.cloud.functions.v2.Function","name":"projects/jamessquarebookings/locations/europe-west1/functions/sendBookingReminders","buildConfig":{"runtime":"nodejs20","entryPoint":"sendBookingReminders","source":{"storageSource":{"bucket":"gcf-v2-sources-310610178744-europe-west1","object":"sendBookingReminders/function-source.zip","generation":"1744246668407326"}},"environmentVariables":{"GOOGLE_NODE_RUN_SCRIPTS":""},"dockerRepository":"projects/jamessquarebookings/locations/europe-west1/repositories/gcf-artifacts","serviceAccount":"projects/jamessquarebookings/serviceAccounts/310610178744-compute@developer.gserviceaccount.com","automaticUpdatePolicy":{}},"serviceConfig":{"service":"projects/jamessquarebookings/locations/europe-west1/services/sendbookingreminders","timeoutSeconds":60,"environmentVariables":{"FIREBASE_CONFIG":"{\"projectId\":\"jamessquarebookings\",\"databaseURL\":\"https://jamessquarebookings-default-rtdb.europe-west1.firebasedatabase.app\",\"storageBucket\":\"jamessquarebookings.firebasestorage.app\"}","GCLOUD_PROJECT":"jamessquarebookings","EVENTARC_CLOUD_EVENT_SOURCE":"projects/jamessquarebookings/locations/europe-west1/services/sendBookingReminders","FUNCTION_TARGET":"sendBookingReminders","LOG_EXECUTION_ID":"true"},"ingressSettings":"ALLOW_ALL","serviceAccountEmail":"310610178744-compute@developer.gserviceaccount.com","availableMemory":"256Mi","allTrafficOnLatestRevision":true,"revision":"sendbookingreminders-00004-feh","maxInstanceRequestConcurrency":80,"availableCpu":"1"},"state":"ACTIVE","labels":{"deployment-tool":"cloudfunctions","deployment-scheduled":"true","firebase-functions-hash":"ce35afa0b60a18d1e6cb4b72f189eb51e915f779"},"environment":"GEN_2","url":"https://europe-west1-jamessquarebookings.cloudfunctions.net/sendBookingReminders","satisfiesPzi":true},"stages":[{"name":"BUILD","message":"Build in progress","state":"IN_PROGRESS","resource":"projects/310610178744/locations/europe-west1/builds/33615c7e-0fbf-45d1-b7ee-33dcdae9a46a","resourceUri":"https://console.cloud.google.com/cloud-build/builds;region=europe-west1/33615c7e-0fbf-45d1-b7ee-33dcdae9a46a?project=310610178744"},{"name":"SERVICE","state":"NOT_STARTED"}],"operationType":"UPDATE_FUNCTION","buildName":"projects/310610178744/locations/europe-west1/builds/33615c7e-0fbf-45d1-b7ee-33dcdae9a46a"},"done":false}
[debug] [2025-04-10T00:57:53.086Z] [update-default-europe-west1-sendBookingReminders] Retrying task index 0
[debug] [2025-04-10T00:57:53.086Z] Checked if tokens are valid: true, expires at: 1744250235466
[debug] [2025-04-10T00:57:53.086Z] Checked if tokens are valid: true, expires at: 1744250235466
[debug] [2025-04-10T00:57:53.087Z] >>> [apiv2][query] GET https://cloudfunctions.googleapis.com/v2/projects/jamessquarebookings/locations/europe-west1/operations/operation-1744246667663-632621306d9f0-7418fae8-a8681759 [none]
[debug] [2025-04-10T00:57:54.635Z] <<< [apiv2][status] GET https://cloudfunctions.googleapis.com/v2/projects/jamessquarebookings/locations/europe-west1/operations/operation-1744246667663-632621306d9f0-7418fae8-a8681759 200
[debug] [2025-04-10T00:57:54.635Z] <<< [apiv2][body] GET https://cloudfunctions.googleapis.com/v2/projects/jamessquarebookings/locations/europe-west1/operations/operation-1744246667663-632621306d9f0-7418fae8-a8681759 {"name":"projects/jamessquarebookings/locations/europe-west1/operations/operation-1744246667663-632621306d9f0-7418fae8-a8681759","metadata":{"@type":"type.googleapis.com/google.cloud.functions.v2.OperationMetadata","createTime":"2025-04-10T00:57:48.445398270Z","target":"projects/jamessquarebookings/locations/europe-west1/functions/sendBookingReminders","verb":"update","cancelRequested":false,"apiVersion":"v2","requestResource":{"@type":"type.googleapis.com/google.cloud.functions.v2.Function","name":"projects/jamessquarebookings/locations/europe-west1/functions/sendBookingReminders","buildConfig":{"runtime":"nodejs20","entryPoint":"sendBookingReminders","source":{"storageSource":{"bucket":"gcf-v2-sources-310610178744-europe-west1","object":"sendBookingReminders/function-source.zip","generation":"1744246668407326"}},"environmentVariables":{"GOOGLE_NODE_RUN_SCRIPTS":""},"dockerRepository":"projects/jamessquarebookings/locations/europe-west1/repositories/gcf-artifacts","serviceAccount":"projects/jamessquarebookings/serviceAccounts/310610178744-compute@developer.gserviceaccount.com","automaticUpdatePolicy":{}},"serviceConfig":{"service":"projects/jamessquarebookings/locations/europe-west1/services/sendbookingreminders","timeoutSeconds":60,"environmentVariables":{"FIREBASE_CONFIG":"{\"projectId\":\"jamessquarebookings\",\"databaseURL\":\"https://jamessquarebookings-default-rtdb.europe-west1.firebasedatabase.app\",\"storageBucket\":\"jamessquarebookings.firebasestorage.app\"}","GCLOUD_PROJECT":"jamessquarebookings","EVENTARC_CLOUD_EVENT_SOURCE":"projects/jamessquarebookings/locations/europe-west1/services/sendBookingReminders","FUNCTION_TARGET":"sendBookingReminders","LOG_EXECUTION_ID":"true"},"ingressSettings":"ALLOW_ALL","serviceAccountEmail":"310610178744-compute@developer.gserviceaccount.com","availableMemory":"256Mi","allTrafficOnLatestRevision":true,"revision":"sendbookingreminders-00004-feh","maxInstanceRequestConcurrency":80,"availableCpu":"1"},"state":"ACTIVE","labels":{"deployment-tool":"cloudfunctions","deployment-scheduled":"true","firebase-functions-hash":"ce35afa0b60a18d1e6cb4b72f189eb51e915f779"},"environment":"GEN_2","url":"https://europe-west1-jamessquarebookings.cloudfunctions.net/sendBookingReminders","satisfiesPzi":true},"stages":[{"name":"BUILD","message":"Build in progress","state":"IN_PROGRESS","resource":"projects/310610178744/locations/europe-west1/builds/33615c7e-0fbf-45d1-b7ee-33dcdae9a46a","resourceUri":"https://console.cloud.google.com/cloud-build/builds;region=europe-west1/33615c7e-0fbf-45d1-b7ee-33dcdae9a46a?project=310610178744"},{"name":"SERVICE","state":"NOT_STARTED"}],"operationType":"UPDATE_FUNCTION","buildName":"projects/310610178744/locations/europe-west1/builds/33615c7e-0fbf-45d1-b7ee-33dcdae9a46a"},"done":false}
[debug] [2025-04-10T00:57:56.637Z] [update-default-europe-west1-sendBookingReminders] Retrying task index 0
[debug] [2025-04-10T00:57:56.637Z] Checked if tokens are valid: true, expires at: 1744250235466
[debug] [2025-04-10T00:57:56.637Z] Checked if tokens are valid: true, expires at: 1744250235466
[debug] [2025-04-10T00:57:56.637Z] >>> [apiv2][query] GET https://cloudfunctions.googleapis.com/v2/projects/jamessquarebookings/locations/europe-west1/operations/operation-1744246667663-632621306d9f0-7418fae8-a8681759 [none]
[debug] [2025-04-10T00:57:58.180Z] <<< [apiv2][status] GET https://cloudfunctions.googleapis.com/v2/projects/jamessquarebookings/locations/europe-west1/operations/operation-1744246667663-632621306d9f0-7418fae8-a8681759 200
[debug] [2025-04-10T00:57:58.180Z] <<< [apiv2][body] GET https://cloudfunctions.googleapis.com/v2/projects/jamessquarebookings/locations/europe-west1/operations/operation-1744246667663-632621306d9f0-7418fae8-a8681759 {"name":"projects/jamessquarebookings/locations/europe-west1/operations/operation-1744246667663-632621306d9f0-7418fae8-a8681759","metadata":{"@type":"type.googleapis.com/google.cloud.functions.v2.OperationMetadata","createTime":"2025-04-10T00:57:48.445398270Z","target":"projects/jamessquarebookings/locations/europe-west1/functions/sendBookingReminders","verb":"update","cancelRequested":false,"apiVersion":"v2","requestResource":{"@type":"type.googleapis.com/google.cloud.functions.v2.Function","name":"projects/jamessquarebookings/locations/europe-west1/functions/sendBookingReminders","buildConfig":{"runtime":"nodejs20","entryPoint":"sendBookingReminders","source":{"storageSource":{"bucket":"gcf-v2-sources-310610178744-europe-west1","object":"sendBookingReminders/function-source.zip","generation":"1744246668407326"}},"environmentVariables":{"GOOGLE_NODE_RUN_SCRIPTS":""},"dockerRepository":"projects/jamessquarebookings/locations/europe-west1/repositories/gcf-artifacts","serviceAccount":"projects/jamessquarebookings/serviceAccounts/310610178744-compute@developer.gserviceaccount.com","automaticUpdatePolicy":{}},"serviceConfig":{"service":"projects/jamessquarebookings/locations/europe-west1/services/sendbookingreminders","timeoutSeconds":60,"environmentVariables":{"FIREBASE_CONFIG":"{\"projectId\":\"jamessquarebookings\",\"databaseURL\":\"https://jamessquarebookings-default-rtdb.europe-west1.firebasedatabase.app\",\"storageBucket\":\"jamessquarebookings.firebasestorage.app\"}","GCLOUD_PROJECT":"jamessquarebookings","EVENTARC_CLOUD_EVENT_SOURCE":"projects/jamessquarebookings/locations/europe-west1/services/sendBookingReminders","FUNCTION_TARGET":"sendBookingReminders","LOG_EXECUTION_ID":"true"},"ingressSettings":"ALLOW_ALL","serviceAccountEmail":"310610178744-compute@developer.gserviceaccount.com","availableMemory":"256Mi","allTrafficOnLatestRevision":true,"revision":"sendbookingreminders-00004-feh","maxInstanceRequestConcurrency":80,"availableCpu":"1"},"state":"ACTIVE","labels":{"deployment-tool":"cloudfunctions","deployment-scheduled":"true","firebase-functions-hash":"ce35afa0b60a18d1e6cb4b72f189eb51e915f779"},"environment":"GEN_2","url":"https://europe-west1-jamessquarebookings.cloudfunctions.net/sendBookingReminders","satisfiesPzi":true},"stages":[{"name":"BUILD","message":"Build in progress","state":"IN_PROGRESS","resource":"projects/310610178744/locations/europe-west1/builds/33615c7e-0fbf-45d1-b7ee-33dcdae9a46a","resourceUri":"https://console.cloud.google.com/cloud-build/builds;region=europe-west1/33615c7e-0fbf-45d1-b7ee-33dcdae9a46a?project=310610178744"},{"name":"SERVICE","state":"NOT_STARTED"}],"operationType":"UPDATE_FUNCTION","buildName":"projects/310610178744/locations/europe-west1/builds/33615c7e-0fbf-45d1-b7ee-33dcdae9a46a"},"done":false}
[debug] [2025-04-10T00:58:02.181Z] [update-default-europe-west1-sendBookingReminders] Retrying task index 0
[debug] [2025-04-10T00:58:02.181Z] Checked if tokens are valid: true, expires at: 1744250235466
[debug] [2025-04-10T00:58:02.181Z] Checked if tokens are valid: true, expires at: 1744250235466
[debug] [2025-04-10T00:58:02.181Z] >>> [apiv2][query] GET https://cloudfunctions.googleapis.com/v2/projects/jamessquarebookings/locations/europe-west1/operations/operation-1744246667663-632621306d9f0-7418fae8-a8681759 [none]
[debug] [2025-04-10T00:58:03.768Z] <<< [apiv2][status] GET https://cloudfunctions.googleapis.com/v2/projects/jamessquarebookings/locations/europe-west1/operations/operation-1744246667663-632621306d9f0-7418fae8-a8681759 200
[debug] [2025-04-10T00:58:03.768Z] <<< [apiv2][body] GET https://cloudfunctions.googleapis.com/v2/projects/jamessquarebookings/locations/europe-west1/operations/operation-1744246667663-632621306d9f0-7418fae8-a8681759 {"name":"projects/jamessquarebookings/locations/europe-west1/operations/operation-1744246667663-632621306d9f0-7418fae8-a8681759","metadata":{"@type":"type.googleapis.com/google.cloud.functions.v2.OperationMetadata","createTime":"2025-04-10T00:57:48.445398270Z","target":"projects/jamessquarebookings/locations/europe-west1/functions/sendBookingReminders","verb":"update","cancelRequested":false,"apiVersion":"v2","requestResource":{"@type":"type.googleapis.com/google.cloud.functions.v2.Function","name":"projects/jamessquarebookings/locations/europe-west1/functions/sendBookingReminders","buildConfig":{"runtime":"nodejs20","entryPoint":"sendBookingReminders","source":{"storageSource":{"bucket":"gcf-v2-sources-310610178744-europe-west1","object":"sendBookingReminders/function-source.zip","generation":"1744246668407326"}},"environmentVariables":{"GOOGLE_NODE_RUN_SCRIPTS":""},"dockerRepository":"projects/jamessquarebookings/locations/europe-west1/repositories/gcf-artifacts","serviceAccount":"projects/jamessquarebookings/serviceAccounts/310610178744-compute@developer.gserviceaccount.com","automaticUpdatePolicy":{}},"serviceConfig":{"service":"projects/jamessquarebookings/locations/europe-west1/services/sendbookingreminders","timeoutSeconds":60,"environmentVariables":{"FIREBASE_CONFIG":"{\"projectId\":\"jamessquarebookings\",\"databaseURL\":\"https://jamessquarebookings-default-rtdb.europe-west1.firebasedatabase.app\",\"storageBucket\":\"jamessquarebookings.firebasestorage.app\"}","GCLOUD_PROJECT":"jamessquarebookings","EVENTARC_CLOUD_EVENT_SOURCE":"projects/jamessquarebookings/locations/europe-west1/services/sendBookingReminders","FUNCTION_TARGET":"sendBookingReminders","LOG_EXECUTION_ID":"true"},"ingressSettings":"ALLOW_ALL","serviceAccountEmail":"310610178744-compute@developer.gserviceaccount.com","availableMemory":"256Mi","allTrafficOnLatestRevision":true,"revision":"sendbookingreminders-00004-feh","maxInstanceRequestConcurrency":80,"availableCpu":"1"},"state":"ACTIVE","labels":{"deployment-tool":"cloudfunctions","deployment-scheduled":"true","firebase-functions-hash":"ce35afa0b60a18d1e6cb4b72f189eb51e915f779"},"environment":"GEN_2","url":"https://europe-west1-jamessquarebookings.cloudfunctions.net/sendBookingReminders","satisfiesPzi":true},"stages":[{"name":"BUILD","message":"Build in progress","state":"IN_PROGRESS","resource":"projects/310610178744/locations/europe-west1/builds/33615c7e-0fbf-45d1-b7ee-33dcdae9a46a","resourceUri":"https://console.cloud.google.com/cloud-build/builds;region=europe-west1/33615c7e-0fbf-45d1-b7ee-33dcdae9a46a?project=310610178744"},{"name":"SERVICE","state":"NOT_STARTED"}],"operationType":"UPDATE_FUNCTION","buildName":"projects/310610178744/locations/europe-west1/builds/33615c7e-0fbf-45d1-b7ee-33dcdae9a46a"},"done":false}
[debug] [2025-04-10T00:58:11.769Z] [update-default-europe-west1-sendBookingReminders] Retrying task index 0
[debug] [2025-04-10T00:58:11.770Z] Checked if tokens are valid: true, expires at: 1744250235466
[debug] [2025-04-10T00:58:11.770Z] Checked if tokens are valid: true, expires at: 1744250235466
[debug] [2025-04-10T00:58:11.770Z] >>> [apiv2][query] GET https://cloudfunctions.googleapis.com/v2/projects/jamessquarebookings/locations/europe-west1/operations/operation-1744246667663-632621306d9f0-7418fae8-a8681759 [none]
[debug] [2025-04-10T00:58:13.596Z] <<< [apiv2][status] GET https://cloudfunctions.googleapis.com/v2/projects/jamessquarebookings/locations/europe-west1/operations/operation-1744246667663-632621306d9f0-7418fae8-a8681759 200
[debug] [2025-04-10T00:58:13.596Z] <<< [apiv2][body] GET https://cloudfunctions.googleapis.com/v2/projects/jamessquarebookings/locations/europe-west1/operations/operation-1744246667663-632621306d9f0-7418fae8-a8681759 {"name":"projects/jamessquarebookings/locations/europe-west1/operations/operation-1744246667663-632621306d9f0-7418fae8-a8681759","metadata":{"@type":"type.googleapis.com/google.cloud.functions.v2.OperationMetadata","createTime":"2025-04-10T00:57:48.445398270Z","target":"projects/jamessquarebookings/locations/europe-west1/functions/sendBookingReminders","verb":"update","cancelRequested":false,"apiVersion":"v2","requestResource":{"@type":"type.googleapis.com/google.cloud.functions.v2.Function","name":"projects/jamessquarebookings/locations/europe-west1/functions/sendBookingReminders","buildConfig":{"runtime":"nodejs20","entryPoint":"sendBookingReminders","source":{"storageSource":{"bucket":"gcf-v2-sources-310610178744-europe-west1","object":"sendBookingReminders/function-source.zip","generation":"1744246668407326"}},"environmentVariables":{"GOOGLE_NODE_RUN_SCRIPTS":""},"dockerRepository":"projects/jamessquarebookings/locations/europe-west1/repositories/gcf-artifacts","serviceAccount":"projects/jamessquarebookings/serviceAccounts/310610178744-compute@developer.gserviceaccount.com","automaticUpdatePolicy":{}},"serviceConfig":{"service":"projects/jamessquarebookings/locations/europe-west1/services/sendbookingreminders","timeoutSeconds":60,"environmentVariables":{"FIREBASE_CONFIG":"{\"projectId\":\"jamessquarebookings\",\"databaseURL\":\"https://jamessquarebookings-default-rtdb.europe-west1.firebasedatabase.app\",\"storageBucket\":\"jamessquarebookings.firebasestorage.app\"}","GCLOUD_PROJECT":"jamessquarebookings","EVENTARC_CLOUD_EVENT_SOURCE":"projects/jamessquarebookings/locations/europe-west1/services/sendBookingReminders","FUNCTION_TARGET":"sendBookingReminders","LOG_EXECUTION_ID":"true"},"ingressSettings":"ALLOW_ALL","serviceAccountEmail":"310610178744-compute@developer.gserviceaccount.com","availableMemory":"256Mi","allTrafficOnLatestRevision":true,"revision":"sendbookingreminders-00004-feh","maxInstanceRequestConcurrency":80,"availableCpu":"1"},"state":"ACTIVE","labels":{"deployment-tool":"cloudfunctions","deployment-scheduled":"true","firebase-functions-hash":"ce35afa0b60a18d1e6cb4b72f189eb51e915f779"},"environment":"GEN_2","url":"https://europe-west1-jamessquarebookings.cloudfunctions.net/sendBookingReminders","satisfiesPzi":true},"stages":[{"name":"BUILD","message":"Build in progress","state":"IN_PROGRESS","resource":"projects/310610178744/locations/europe-west1/builds/33615c7e-0fbf-45d1-b7ee-33dcdae9a46a","resourceUri":"https://console.cloud.google.com/cloud-build/builds;region=europe-west1/33615c7e-0fbf-45d1-b7ee-33dcdae9a46a?project=310610178744"},{"name":"SERVICE","state":"NOT_STARTED"}],"operationType":"UPDATE_FUNCTION","buildName":"projects/310610178744/locations/europe-west1/builds/33615c7e-0fbf-45d1-b7ee-33dcdae9a46a"},"done":false}
[debug] [2025-04-10T00:58:23.597Z] [update-default-europe-west1-sendBookingReminders] Retrying task index 0
[debug] [2025-04-10T00:58:23.598Z] Checked if tokens are valid: true, expires at: 1744250235466
[debug] [2025-04-10T00:58:23.598Z] Checked if tokens are valid: true, expires at: 1744250235466
[debug] [2025-04-10T00:58:23.598Z] >>> [apiv2][query] GET https://cloudfunctions.googleapis.com/v2/projects/jamessquarebookings/locations/europe-west1/operations/operation-1744246667663-632621306d9f0-7418fae8-a8681759 [none]
[debug] [2025-04-10T00:58:24.450Z] <<< [apiv2][status] GET https://cloudfunctions.googleapis.com/v2/projects/jamessquarebookings/locations/europe-west1/operations/operation-1744246667663-632621306d9f0-7418fae8-a8681759 200
[debug] [2025-04-10T00:58:24.450Z] <<< [apiv2][body] GET https://cloudfunctions.googleapis.com/v2/projects/jamessquarebookings/locations/europe-west1/operations/operation-1744246667663-632621306d9f0-7418fae8-a8681759 {"name":"projects/jamessquarebookings/locations/europe-west1/operations/operation-1744246667663-632621306d9f0-7418fae8-a8681759","metadata":{"@type":"type.googleapis.com/google.cloud.functions.v2.OperationMetadata","createTime":"2025-04-10T00:57:48.445398270Z","target":"projects/jamessquarebookings/locations/europe-west1/functions/sendBookingReminders","verb":"update","cancelRequested":false,"apiVersion":"v2","requestResource":{"@type":"type.googleapis.com/google.cloud.functions.v2.Function","name":"projects/jamessquarebookings/locations/europe-west1/functions/sendBookingReminders","buildConfig":{"runtime":"nodejs20","entryPoint":"sendBookingReminders","source":{"storageSource":{"bucket":"gcf-v2-sources-310610178744-europe-west1","object":"sendBookingReminders/function-source.zip","generation":"1744246668407326"}},"environmentVariables":{"GOOGLE_NODE_RUN_SCRIPTS":""},"dockerRepository":"projects/jamessquarebookings/locations/europe-west1/repositories/gcf-artifacts","serviceAccount":"projects/jamessquarebookings/serviceAccounts/310610178744-compute@developer.gserviceaccount.com","automaticUpdatePolicy":{}},"serviceConfig":{"service":"projects/jamessquarebookings/locations/europe-west1/services/sendbookingreminders","timeoutSeconds":60,"environmentVariables":{"FIREBASE_CONFIG":"{\"projectId\":\"jamessquarebookings\",\"databaseURL\":\"https://jamessquarebookings-default-rtdb.europe-west1.firebasedatabase.app\",\"storageBucket\":\"jamessquarebookings.firebasestorage.app\"}","GCLOUD_PROJECT":"jamessquarebookings","EVENTARC_CLOUD_EVENT_SOURCE":"projects/jamessquarebookings/locations/europe-west1/services/sendBookingReminders","FUNCTION_TARGET":"sendBookingReminders","LOG_EXECUTION_ID":"true"},"ingressSettings":"ALLOW_ALL","serviceAccountEmail":"310610178744-compute@developer.gserviceaccount.com","availableMemory":"256Mi","allTrafficOnLatestRevision":true,"revision":"sendbookingreminders-00004-feh","maxInstanceRequestConcurrency":80,"availableCpu":"1"},"state":"ACTIVE","labels":{"deployment-tool":"cloudfunctions","deployment-scheduled":"true","firebase-functions-hash":"ce35afa0b60a18d1e6cb4b72f189eb51e915f779"},"environment":"GEN_2","url":"https://europe-west1-jamessquarebookings.cloudfunctions.net/sendBookingReminders","satisfiesPzi":true},"stages":[{"name":"BUILD","message":"Build in progress","state":"IN_PROGRESS","resource":"projects/310610178744/locations/europe-west1/builds/33615c7e-0fbf-45d1-b7ee-33dcdae9a46a","resourceUri":"https://console.cloud.google.com/cloud-build/builds;region=europe-west1/33615c7e-0fbf-45d1-b7ee-33dcdae9a46a?project=310610178744"},{"name":"SERVICE","state":"NOT_STARTED"}],"operationType":"UPDATE_FUNCTION","buildName":"projects/310610178744/locations/europe-west1/builds/33615c7e-0fbf-45d1-b7ee-33dcdae9a46a"},"done":false}
[debug] [2025-04-10T00:58:34.452Z] [update-default-europe-west1-sendBookingReminders] Retrying task index 0
[debug] [2025-04-10T00:58:34.452Z] Checked if tokens are valid: true, expires at: 1744250235466
[debug] [2025-04-10T00:58:34.452Z] Checked if tokens are valid: true, expires at: 1744250235466
[debug] [2025-04-10T00:58:34.453Z] >>> [apiv2][query] GET https://cloudfunctions.googleapis.com/v2/projects/jamessquarebookings/locations/europe-west1/operations/operation-1744246667663-632621306d9f0-7418fae8-a8681759 [none]
[debug] [2025-04-10T00:58:36.206Z] <<< [apiv2][status] GET https://cloudfunctions.googleapis.com/v2/projects/jamessquarebookings/locations/europe-west1/operations/operation-1744246667663-632621306d9f0-7418fae8-a8681759 200
[debug] [2025-04-10T00:58:36.206Z] <<< [apiv2][body] GET https://cloudfunctions.googleapis.com/v2/projects/jamessquarebookings/locations/europe-west1/operations/operation-1744246667663-632621306d9f0-7418fae8-a8681759 {"name":"projects/jamessquarebookings/locations/europe-west1/operations/operation-1744246667663-632621306d9f0-7418fae8-a8681759","metadata":{"@type":"type.googleapis.com/google.cloud.functions.v2.OperationMetadata","createTime":"2025-04-10T00:57:48.445398270Z","target":"projects/jamessquarebookings/locations/europe-west1/functions/sendBookingReminders","verb":"update","cancelRequested":false,"apiVersion":"v2","requestResource":{"@type":"type.googleapis.com/google.cloud.functions.v2.Function","name":"projects/jamessquarebookings/locations/europe-west1/functions/sendBookingReminders","buildConfig":{"runtime":"nodejs20","entryPoint":"sendBookingReminders","source":{"storageSource":{"bucket":"gcf-v2-sources-310610178744-europe-west1","object":"sendBookingReminders/function-source.zip","generation":"1744246668407326"}},"environmentVariables":{"GOOGLE_NODE_RUN_SCRIPTS":""},"dockerRepository":"projects/jamessquarebookings/locations/europe-west1/repositories/gcf-artifacts","serviceAccount":"projects/jamessquarebookings/serviceAccounts/310610178744-compute@developer.gserviceaccount.com","automaticUpdatePolicy":{}},"serviceConfig":{"service":"projects/jamessquarebookings/locations/europe-west1/services/sendbookingreminders","timeoutSeconds":60,"environmentVariables":{"FIREBASE_CONFIG":"{\"projectId\":\"jamessquarebookings\",\"databaseURL\":\"https://jamessquarebookings-default-rtdb.europe-west1.firebasedatabase.app\",\"storageBucket\":\"jamessquarebookings.firebasestorage.app\"}","GCLOUD_PROJECT":"jamessquarebookings","EVENTARC_CLOUD_EVENT_SOURCE":"projects/jamessquarebookings/locations/europe-west1/services/sendBookingReminders","FUNCTION_TARGET":"sendBookingReminders","LOG_EXECUTION_ID":"true"},"ingressSettings":"ALLOW_ALL","serviceAccountEmail":"310610178744-compute@developer.gserviceaccount.com","availableMemory":"256Mi","allTrafficOnLatestRevision":true,"revision":"sendbookingreminders-00004-feh","maxInstanceRequestConcurrency":80,"availableCpu":"1"},"state":"ACTIVE","labels":{"deployment-tool":"cloudfunctions","deployment-scheduled":"true","firebase-functions-hash":"ce35afa0b60a18d1e6cb4b72f189eb51e915f779"},"environment":"GEN_2","url":"https://europe-west1-jamessquarebookings.cloudfunctions.net/sendBookingReminders","satisfiesPzi":true},"stages":[{"name":"BUILD","message":"Build finished","state":"COMPLETE","resource":"projects/310610178744/locations/europe-west1/builds/33615c7e-0fbf-45d1-b7ee-33dcdae9a46a","resourceUri":"https://console.cloud.google.com/cloud-build/builds;region=europe-west1/33615c7e-0fbf-45d1-b7ee-33dcdae9a46a?project=310610178744"},{"name":"SERVICE","message":"Updating Cloud Run service","state":"IN_PROGRESS","resource":"projects/jamessquarebookings/locations/europe-west1/services/sendbookingreminders","resourceUri":"https://console.cloud.google.com/run/detail/europe-west1/sendbookingreminders?project=jamessquarebookings","stateMessages":[{"severity":"INFO","type":"CloudRunServiceNewRevisionTrafficInfo","message":"A new revision will be deployed serving with 100% traffic."}]}],"sourceToken":"Clhwcm9qZWN0cy8zMTA2MTAxNzg3NDQvbG9jYXRpb25zL2V1cm9wZS13ZXN0MS9idWlsZHMvMzM2MTVjN2UtMGZiZi00NWQxLWI3ZWUtMzNkY2RhZTlhNDZhEoIBZXVyb3BlLXdlc3QxLWRvY2tlci5wa2cuZGV2L2phbWVzc3F1YXJlYm9va2luZ3MvZ2NmLWFydGlmYWN0cy9qYW1lc3NxdWFyZWJvb2tpbmdzX19ldXJvcGUtLXdlc3QxX19zZW5kX2Jvb2tpbmdfcmVtaW5kZXJzOnZlcnNpb25fMRi45byOhQkiUnByb2plY3RzL2phbWVzc3F1YXJlYm9va2luZ3MvbG9jYXRpb25zL2V1cm9wZS13ZXN0MS9mdW5jdGlvbnMvc2VuZEJvb2tpbmdSZW1pbmRlcnMqCwiyr9y/BhDQ/9tuMghub2RlanMyMDp3CiNnY3IuaW8vZ2FlLXJ1bnRpbWVzL25vZGVqczIwOnN0YWJsZRJQZXVyb3BlLXdlc3QxLWRvY2tlci5wa2cuZGV2L3NlcnZlcmxlc3MtcnVudGltZXMvZ29vZ2xlLTIyLWZ1bGwvcnVudGltZXMvbm9kZWpzMjBAAQ==","operationType":"UPDATE_FUNCTION","buildName":"projects/310610178744/locations/europe-west1/builds/33615c7e-0fbf-45d1-b7ee-33dcdae9a46a"},"done":false}
[debug] [2025-04-10T00:58:36.207Z] Got source token Clhwcm9qZWN0cy8zMTA2MTAxNzg3NDQvbG9jYXRpb25zL2V1cm9wZS13ZXN0MS9idWlsZHMvMzM2MTVjN2UtMGZiZi00NWQxLWI3ZWUtMzNkY2RhZTlhNDZhEoIBZXVyb3BlLXdlc3QxLWRvY2tlci5wa2cuZGV2L2phbWVzc3F1YXJlYm9va2luZ3MvZ2NmLWFydGlmYWN0cy9qYW1lc3NxdWFyZWJvb2tpbmdzX19ldXJvcGUtLXdlc3QxX19zZW5kX2Jvb2tpbmdfcmVtaW5kZXJzOnZlcnNpb25fMRi45byOhQkiUnByb2plY3RzL2phbWVzc3F1YXJlYm9va2luZ3MvbG9jYXRpb25zL2V1cm9wZS13ZXN0MS9mdW5jdGlvbnMvc2VuZEJvb2tpbmdSZW1pbmRlcnMqCwiyr9y/BhDQ/9tuMghub2RlanMyMDp3CiNnY3IuaW8vZ2FlLXJ1bnRpbWVzL25vZGVqczIwOnN0YWJsZRJQZXVyb3BlLXdlc3QxLWRvY2tlci5wa2cuZGV2L3NlcnZlcmxlc3MtcnVudGltZXMvZ29vZ2xlLTIyLWZ1bGwvcnVudGltZXMvbm9kZWpzMjBAAQ== for region europe-west1
[debug] [2025-04-10T00:58:46.207Z] [update-default-europe-west1-sendBookingReminders] Retrying task index 0
[debug] [2025-04-10T00:58:46.207Z] Checked if tokens are valid: true, expires at: 1744250235466
[debug] [2025-04-10T00:58:46.208Z] Checked if tokens are valid: true, expires at: 1744250235466
[debug] [2025-04-10T00:58:46.208Z] >>> [apiv2][query] GET https://cloudfunctions.googleapis.com/v2/projects/jamessquarebookings/locations/europe-west1/operations/operation-1744246667663-632621306d9f0-7418fae8-a8681759 [none]
[debug] [2025-04-10T00:58:47.941Z] <<< [apiv2][status] GET https://cloudfunctions.googleapis.com/v2/projects/jamessquarebookings/locations/europe-west1/operations/operation-1744246667663-632621306d9f0-7418fae8-a8681759 200
[debug] [2025-04-10T00:58:47.942Z] <<< [apiv2][body] GET https://cloudfunctions.googleapis.com/v2/projects/jamessquarebookings/locations/europe-west1/operations/operation-1744246667663-632621306d9f0-7418fae8-a8681759 {"name":"projects/jamessquarebookings/locations/europe-west1/operations/operation-1744246667663-632621306d9f0-7418fae8-a8681759","metadata":{"@type":"type.googleapis.com/google.cloud.functions.v2.OperationMetadata","createTime":"2025-04-10T00:57:48.445398270Z","endTime":"2025-04-10T00:58:36.620662529Z","target":"projects/jamessquarebookings/locations/europe-west1/functions/sendBookingReminders","verb":"update","cancelRequested":false,"apiVersion":"v2","requestResource":{"@type":"type.googleapis.com/google.cloud.functions.v2.Function","name":"projects/jamessquarebookings/locations/europe-west1/functions/sendBookingReminders","buildConfig":{"runtime":"nodejs20","entryPoint":"sendBookingReminders","source":{"storageSource":{"bucket":"gcf-v2-sources-310610178744-europe-west1","object":"sendBookingReminders/function-source.zip","generation":"1744246668407326"}},"environmentVariables":{"GOOGLE_NODE_RUN_SCRIPTS":""},"dockerRepository":"projects/jamessquarebookings/locations/europe-west1/repositories/gcf-artifacts","serviceAccount":"projects/jamessquarebookings/serviceAccounts/310610178744-compute@developer.gserviceaccount.com","automaticUpdatePolicy":{}},"serviceConfig":{"service":"projects/jamessquarebookings/locations/europe-west1/services/sendbookingreminders","timeoutSeconds":60,"environmentVariables":{"FIREBASE_CONFIG":"{\"projectId\":\"jamessquarebookings\",\"databaseURL\":\"https://jamessquarebookings-default-rtdb.europe-west1.firebasedatabase.app\",\"storageBucket\":\"jamessquarebookings.firebasestorage.app\"}","GCLOUD_PROJECT":"jamessquarebookings","EVENTARC_CLOUD_EVENT_SOURCE":"projects/jamessquarebookings/locations/europe-west1/services/sendBookingReminders","FUNCTION_TARGET":"sendBookingReminders","LOG_EXECUTION_ID":"true"},"ingressSettings":"ALLOW_ALL","serviceAccountEmail":"310610178744-compute@developer.gserviceaccount.com","availableMemory":"256Mi","allTrafficOnLatestRevision":true,"revision":"sendbookingreminders-00004-feh","maxInstanceRequestConcurrency":80,"availableCpu":"1"},"state":"ACTIVE","labels":{"deployment-tool":"cloudfunctions","deployment-scheduled":"true","firebase-functions-hash":"ce35afa0b60a18d1e6cb4b72f189eb51e915f779"},"environment":"GEN_2","url":"https://europe-west1-jamessquarebookings.cloudfunctions.net/sendBookingReminders","satisfiesPzi":true},"stages":[{"name":"SERVICE","state":"NOT_STARTED"}],"operationType":"UPDATE_FUNCTION"},"done":true,"error":{"code":3,"message":"Could not create or update Cloud Run service sendbookingreminders, Container Healthcheck failed. Revision 'sendbookingreminders-00005-yuh' is not ready and cannot serve traffic. The user-provided container failed to start and listen on the port defined provided by the PORT=8080 environment variable within the allocated timeout. This can happen when the container port is misconfigured or if the timeout is too short. The health check timeout can be extended. Logs for this revision might contain more information.\n\nLogs URL: https://console.cloud.google.com/logs/viewer?project=jamessquarebookings&resource=cloud_run_revision/service_name/sendbookingreminders/revision_name/sendbookingreminders-00005-yuh&advancedFilter=resource.type%3D%22cloud_run_revision%22%0Aresource.labels.service_name%3D%22sendbookingreminders%22%0Aresource.labels.revision_name%3D%22sendbookingreminders-00005-yuh%22 \nFor more troubleshooting guidance, see https://cloud.google.com/run/docs/troubleshooting#container-failed-to-start"}}
[debug] [2025-04-10T00:58:47.942Z] Got source token undefined for region europe-west1
[error] Could not create or update Cloud Run service sendbookingreminders, Container Healthcheck failed. Revision 'sendbookingreminders-00005-yuh' is not ready and cannot serve traffic. The user-provided container failed to start and listen on the port defined provided by the PORT=8080 environment variable within the allocated timeout. This can happen when the container port is misconfigured or if the timeout is too short. The health check timeout can be extended. Logs for this revision might contain more information.

Logs URL: https://console.cloud.google.com/logs/viewer?project=jamessquarebookings&resource=cloud_run_revision/service_name/sendbookingreminders/revision_name/sendbookingreminders-00005-yuh&advancedFilter=resource.type%3D%22cloud_run_revision%22%0Aresource.labels.service_name%3D%22sendbookingreminders%22%0Aresource.labels.revision_name%3D%22sendbookingreminders-00005-yuh%22 
For more troubleshooting guidance, see https://cloud.google.com/run/docs/troubleshooting#container-failed-to-start
[debug] [2025-04-10T00:58:47.949Z] Total Function Deployment time: 61886
[debug] [2025-04-10T00:58:47.949Z] 1 Functions Deployed
[debug] [2025-04-10T00:58:47.949Z] 1 Functions Errored
[debug] [2025-04-10T00:58:47.949Z] 0 Function Deployments Aborted
[debug] [2025-04-10T00:58:47.949Z] Average Function Deployment time: 61885
[info] 
[info] Functions deploy had errors with the following functions:
	sendBookingReminders(europe-west1)
[debug] [2025-04-10T00:58:48.659Z] Checked if tokens are valid: true, expires at: 1744250235466
[debug] [2025-04-10T00:58:48.659Z] Checked if tokens are valid: true, expires at: 1744250235466
[debug] [2025-04-10T00:58:48.659Z] >>> [apiv2][query] GET https://artifactregistry.googleapis.com/v1/projects/jamessquarebookings/locations/europe-west1/repositories/gcf-artifacts [none]
[debug] [2025-04-10T00:58:50.663Z] <<< [apiv2][status] GET https://artifactregistry.googleapis.com/v1/projects/jamessquarebookings/locations/europe-west1/repositories/gcf-artifacts 200
[debug] [2025-04-10T00:58:50.663Z] <<< [apiv2][body] GET https://artifactregistry.googleapis.com/v1/projects/jamessquarebookings/locations/europe-west1/repositories/gcf-artifacts {"name":"projects/jamessquarebookings/locations/europe-west1/repositories/gcf-artifacts","format":"DOCKER","description":"This repository is created and used by Cloud Functions for storing function docker images.","labels":{"goog-managed-by":"cloudfunctions"},"createTime":"2025-04-10T00:28:54.431684Z","updateTime":"2025-04-10T00:58:14.120439Z","mode":"STANDARD_REPOSITORY","cleanupPolicies":{"firebase-functions-cleanup":{"id":"firebase-functions-cleanup","action":"DELETE","condition":{"tagState":"ANY","olderThan":"86400s"}}},"sizeBytes":"131019409","vulnerabilityScanningConfig":{"lastEnableTime":"2025-04-10T00:28:45.105407807Z","enablementState":"SCANNING_DISABLED","enablementStateReason":"API containerscanning.googleapis.com is not enabled."},"satisfiesPzi":true,"registryUri":"europe-west1-docker.pkg.dev/jamessquarebookings/gcf-artifacts"}
[debug] [2025-04-10T00:58:50.664Z] Functions deploy failed.
[debug] [2025-04-10T00:58:50.664Z] {
  "endpoint": {
    "id": "sendBookingReminders",
    "project": "jamessquarebookings",
    "region": "europe-west1",
    "entryPoint": "sendBookingReminders",
    "platform": "gcfv2",
    "runtime": "nodejs20",
    "scheduleTrigger": {
      "schedule": "0 7 * * *",
      "timeZone": "Europe/London",
      "retryConfig": {}
    },
    "labels": {
      "deployment-tool": "cli-firebase"
    },
    "serviceAccount": null,
    "ingressSettings": null,
    "availableMemoryMb": null,
    "timeoutSeconds": 60,
    "maxInstances": null,
    "minInstances": null,
    "concurrency": 80,
    "vpc": null,
    "environmentVariables": {
      "FIREBASE_CONFIG": "{\"projectId\":\"jamessquarebookings\",\"databaseURL\":\"https://jamessquarebookings-default-rtdb.europe-west1.firebasedatabase.app\",\"storageBucket\":\"jamessquarebookings.firebasestorage.app\"}",
      "GCLOUD_PROJECT": "jamessquarebookings",
      "EVENTARC_CLOUD_EVENT_SOURCE": "projects/jamessquarebookings/locations/europe-west1/services/sendBookingReminders",
      "FUNCTION_TARGET": "sendBookingReminders",
      "LOG_EXECUTION_ID": "true"
    },
    "codebase": "default",
    "runServiceId": "sendbookingreminders",
    "cpu": 1,
    "securityLevel": "SECURE_ALWAYS",
    "targetedByOnly": true,
    "hash": "ce35afa0b60a18d1e6cb4b72f189eb51e915f779"
  },
  "op": "update",
  "original": {
    "name": "FirebaseError",
    "children": [],
    "exit": 1,
    "message": "Could not create or update Cloud Run service sendbookingreminders, Container Healthcheck failed. Revision 'sendbookingreminders-00005-yuh' is not ready and cannot serve traffic. The user-provided container failed to start and listen on the port defined provided by the PORT=8080 environment variable within the allocated timeout. This can happen when the container port is misconfigured or if the timeout is too short. The health check timeout can be extended. Logs for this revision might contain more information.\n\nLogs URL: https://console.cloud.google.com/logs/viewer?project=jamessquarebookings&resource=cloud_run_revision/service_name/sendbookingreminders/revision_name/sendbookingreminders-00005-yuh&advancedFilter=resource.type%3D%22cloud_run_revision%22%0Aresource.labels.service_name%3D%22sendbookingreminders%22%0Aresource.labels.revision_name%3D%22sendbookingreminders-00005-yuh%22 \nFor more troubleshooting guidance, see https://cloud.google.com/run/docs/troubleshooting#container-failed-to-start",
    "original": {
      "code": 3,
      "message": "Could not create or update Cloud Run service sendbookingreminders, Container Healthcheck failed. Revision 'sendbookingreminders-00005-yuh' is not ready and cannot serve traffic. The user-provided container failed to start and listen on the port defined provided by the PORT=8080 environment variable within the allocated timeout. This can happen when the container port is misconfigured or if the timeout is too short. The health check timeout can be extended. Logs for this revision might contain more information.\n\nLogs URL: https://console.cloud.google.com/logs/viewer?project=jamessquarebookings&resource=cloud_run_revision/service_name/sendbookingreminders/revision_name/sendbookingreminders-00005-yuh&advancedFilter=resource.type%3D%22cloud_run_revision%22%0Aresource.labels.service_name%3D%22sendbookingreminders%22%0Aresource.labels.revision_name%3D%22sendbookingreminders-00005-yuh%22 \nFor more troubleshooting guidance, see https://cloud.google.com/run/docs/troubleshooting#container-failed-to-start"
    },
    "status": 3,
    "code": 3
  }
}
[debug] [2025-04-10T00:58:50.822Z] Error: Failed to update function sendBookingReminders in region europe-west1
    at /opt/homebrew/lib/node_modules/firebase-tools/lib/deploy/functions/release/fabricator.js:399:19
    at process.processTicksAndRejections (node:internal/process/task_queues:105:5)
    at async Fabricator.updateV2Function (/opt/homebrew/lib/node_modules/firebase-tools/lib/deploy/functions/release/fabricator.js:388:32)
    at async Fabricator.updateEndpoint (/opt/homebrew/lib/node_modules/firebase-tools/lib/deploy/functions/release/fabricator.js:155:13)
    at async handle (/opt/homebrew/lib/node_modules/firebase-tools/lib/deploy/functions/release/fabricator.js:89:17)
[error] 
[error] Error: There was an error deploying functions
